<?xml version="1.0" encoding="UTF-8"?>
<coverage generated="1789615214132" clover="3.2.0">
  <project timestamp="1789615214133" name="All files">
    <metrics statements="291" coveredstatements="291" conditionals="277" coveredconditionals="275" methods="50" coveredmethods="50" elements="618" coveredelements="616" complexity="0" loc="291" ncloc="291" packages="1" files="4" classes="4"/>
    <file name="collections.ts" path="/workspaces/criselismunoz-latam-aie-pt-2-proyecto-final/src/utils/collections.ts">
      <metrics statements="56" coveredstatements="56" conditionals="25" coveredconditionals="25" methods="18" coveredmethods="18"/>
      <line num="20" count="1" type="stmt"/>
      <line num="24" count="5" type="stmt"/>
      <line num="36" count="1" type="stmt"/>
      <line num="42" count="4" type="stmt"/>
      <line num="43" count="15" type="stmt"/>
      <line num="44" count="15" type="cond" truecount="2" falsecount="0"/>
      <line num="56" count="1" type="stmt"/>
      <line num="61" count="3" type="stmt"/>
      <line num="62" count="15" type="stmt"/>
      <line num="79" count="1" type="stmt"/>
      <line num="84" count="8" type="stmt"/>
      <line num="85" count="44" type="stmt"/>
      <line num="86" count="44" type="stmt"/>
      <line num="88" count="44" type="cond" truecount="4" falsecount="0"/>
      <line num="89" count="27" type="cond" truecount="4" falsecount="0"/>
      <line num="90" count="1" type="stmt"/>
      <line num="101" count="1" type="stmt"/>
      <line num="108" count="4" type="stmt"/>
      <line num="109" count="17" type="stmt"/>
      <line num="110" count="15" type="stmt"/>
      <line num="111" count="15" type="stmt"/>
      <line num="113" count="15" type="cond" truecount="4" falsecount="0"/>
      <line num="114" count="11" type="cond" truecount="4" falsecount="0"/>
      <line num="116" count="4" type="stmt"/>
      <line num="131" count="1" type="stmt"/>
      <line num="135" count="4" type="stmt"/>
      <line num="137" count="10" type="stmt"/>
      <line num="138" count="10" type="cond" truecount="2" falsecount="0"/>
      <line num="139" count="6" type="stmt"/>
      <line num="141" count="10" type="stmt"/>
      <line num="142" count="10" type="stmt"/>
      <line num="155" count="1" type="stmt"/>
      <line num="159" count="2" type="stmt"/>
      <line num="160" count="3" type="stmt"/>
      <line num="186" count="1" type="stmt"/>
      <line num="191" count="7" type="stmt"/>
      <line num="192" count="7" type="stmt"/>
      <line num="193" count="7" type="stmt"/>
      <line num="194" count="7" type="stmt"/>
      <line num="195" count="7" type="stmt"/>
      <line num="197" count="7" type="stmt"/>
      <line num="217" count="1" type="stmt"/>
      <line num="218" count="3" type="stmt"/>
      <line num="219" count="3" type="stmt"/>
      <line num="220" count="8" type="stmt"/>
      <line num="221" count="8" type="cond" truecount="2" falsecount="0"/>
      <line num="222" count="7" type="stmt"/>
      <line num="223" count="7" type="stmt"/>
      <line num="234" count="1" type="stmt"/>
      <line num="235" count="5" type="stmt"/>
      <line num="245" count="1" type="stmt"/>
      <line num="246" count="6" type="cond" truecount="2" falsecount="0"/>
      <line num="247" count="4" type="stmt"/>
      <line num="248" count="4" type="stmt"/>
      <line num="249" count="9" type="stmt"/>
      <line num="251" count="4" type="stmt"/>
    </file>
    <file name="search.ts" path="/workspaces/criselismunoz-latam-aie-pt-2-proyecto-final/src/utils/search.ts">
      <metrics statements="44" coveredstatements="44" conditionals="20" coveredconditionals="20" methods="7" coveredmethods="7"/>
      <line num="26" count="1" type="stmt"/>
      <line num="30" count="11" type="stmt"/>
      <line num="31" count="34" type="cond" truecount="2" falsecount="0"/>
      <line num="32" count="6" type="stmt"/>
      <line num="35" count="5" type="stmt"/>
      <line num="45" count="1" type="stmt"/>
      <line num="49" count="4" type="stmt"/>
      <line num="65" count="1" type="stmt"/>
      <line num="70" count="13" type="cond" truecount="2" falsecount="0"/>
      <line num="71" count="1" type="stmt"/>
      <line num="74" count="12" type="stmt"/>
      <line num="75" count="12" type="stmt"/>
      <line num="77" count="12" type="stmt"/>
      <line num="78" count="37" type="stmt"/>
      <line num="79" count="37" type="stmt"/>
      <line num="81" count="37" type="cond" truecount="2" falsecount="0"/>
      <line num="82" count="7" type="stmt"/>
      <line num="85" count="30" type="cond" truecount="2" falsecount="0"/>
      <line num="86" count="14" type="stmt"/>
      <line num="88" count="16" type="stmt"/>
      <line num="92" count="5" type="stmt"/>
      <line num="105" count="1" type="stmt"/>
      <line num="110" count="8" type="cond" truecount="2" falsecount="0"/>
      <line num="111" count="1" type="stmt"/>
      <line num="114" count="7" type="stmt"/>
      <line num="115" count="7" type="stmt"/>
      <line num="117" count="7" type="stmt"/>
      <line num="118" count="12" type="stmt"/>
      <line num="119" count="12" type="stmt"/>
      <line num="121" count="12" type="cond" truecount="2" falsecount="0"/>
      <line num="122" count="2" type="stmt"/>
      <line num="125" count="10" type="cond" truecount="2" falsecount="0"/>
      <line num="126" count="6" type="stmt"/>
      <line num="128" count="4" type="stmt"/>
      <line num="132" count="5" type="stmt"/>
      <line num="146" count="1" type="stmt"/>
      <line num="150" count="11" type="stmt"/>
      <line num="151" count="244" type="cond" truecount="2" falsecount="0"/>
      <line num="152" count="3" type="stmt"/>
      <line num="155" count="8" type="stmt"/>
      <line num="172" count="1" type="stmt"/>
      <line num="177" count="7" type="cond" truecount="4" falsecount="0"/>
      <line num="178" count="3" type="stmt"/>
      <line num="180" count="18" type="stmt"/>
    </file>
    <file name="transformations.ts" path="/workspaces/criselismunoz-latam-aie-pt-2-proyecto-final/src/utils/transformations.ts">
      <metrics statements="33" coveredstatements="33" conditionals="16" coveredconditionals="16" methods="14" coveredmethods="14"/>
      <line num="22" count="1" type="stmt"/>
      <line num="26" count="5" type="cond" truecount="2" falsecount="0"/>
      <line num="27" count="1" type="stmt"/>
      <line num="30" count="4" type="stmt"/>
      <line num="31" count="10" type="stmt"/>
      <line num="32" count="4" type="stmt"/>
      <line num="33" count="4" type="stmt"/>
      <line num="35" count="4" type="stmt"/>
      <line num="55" count="1" type="stmt"/>
      <line num="56" count="23" type="stmt"/>
      <line num="70" count="1" type="stmt"/>
      <line num="74" count="6" type="cond" truecount="2" falsecount="0"/>
      <line num="75" count="4" type="stmt"/>
      <line num="89" count="1" type="stmt"/>
      <line num="93" count="6" type="cond" truecount="2" falsecount="0"/>
      <line num="95" count="5" type="stmt"/>
      <line num="96" count="9" type="cond" truecount="2" falsecount="0"/>
      <line num="107" count="1" type="stmt"/>
      <line num="111" count="6" type="cond" truecount="2" falsecount="0"/>
      <line num="113" count="5" type="stmt"/>
      <line num="114" count="9" type="cond" truecount="2" falsecount="0"/>
      <line num="129" count="1" type="stmt"/>
      <line num="133" count="8" type="stmt"/>
      <line num="135" count="8" type="stmt"/>
      <line num="136" count="25" type="stmt"/>
      <line num="137" count="25" type="cond" truecount="2" falsecount="0"/>
      <line num="140" count="8" type="stmt"/>
      <line num="141" count="16" type="stmt"/>
      <line num="142" count="9" type="stmt"/>
      <line num="156" count="1" type="stmt"/>
      <line num="160" count="4" type="cond" truecount="2" falsecount="0"/>
      <line num="162" count="3" type="stmt"/>
      <line num="163" count="6" type="stmt"/>
    </file>
    <file name="validations.ts" path="/workspaces/criselismunoz-latam-aie-pt-2-proyecto-final/src/utils/validations.ts">
      <metrics statements="158" coveredstatements="158" conditionals="216" coveredconditionals="214" methods="11" coveredmethods="11"/>
      <line num="24" count="27" type="stmt"/>
      <line num="28" count="79" type="stmt"/>
      <line num="35" count="1" type="stmt"/>
      <line num="36" count="1" type="stmt"/>
      <line num="59" count="1" type="stmt"/>
      <line num="60" count="20" type="stmt"/>
      <line num="63" count="20" type="cond" truecount="2" falsecount="0"/>
      <line num="64" count="20" type="cond" truecount="2" falsecount="0"/>
      <line num="65" count="20" type="cond" truecount="2" falsecount="0"/>
      <line num="68" count="20" type="cond" truecount="2" falsecount="0"/>
      <line num="69" count="1" type="stmt"/>
      <line num="70" count="19" type="cond" truecount="2" falsecount="0"/>
      <line num="71" count="1" type="stmt"/>
      <line num="75" count="20" type="cond" truecount="2" falsecount="0"/>
      <line num="76" count="1" type="stmt"/>
      <line num="77" count="19" type="cond" truecount="2" falsecount="0"/>
      <line num="78" count="1" type="stmt"/>
      <line num="79" count="18" type="cond" truecount="2" falsecount="0"/>
      <line num="80" count="1" type="stmt"/>
      <line num="84" count="20" type="cond" truecount="2" falsecount="0"/>
      <line num="85" count="1" type="stmt"/>
      <line num="86" count="19" type="cond" truecount="4" falsecount="0"/>
      <line num="87" count="2" type="stmt"/>
      <line num="91" count="20" type="cond" truecount="4" falsecount="0"/>
      <line num="92" count="1" type="stmt"/>
      <line num="98" count="20" type="cond" truecount="4" falsecount="0"/>
      <line num="99" count="1" type="stmt"/>
      <line num="104" count="20" type="cond" truecount="2" falsecount="0"/>
      <line num="111" count="1" type="stmt"/>
      <line num="126" count="1" type="stmt"/>
      <line num="127" count="14" type="stmt"/>
      <line num="129" count="14" type="cond" truecount="2" falsecount="0"/>
      <line num="130" count="14" type="cond" truecount="2" falsecount="0"/>
      <line num="131" count="14" type="cond" truecount="2" falsecount="0"/>
      <line num="133" count="14" type="cond" truecount="2" falsecount="0"/>
      <line num="134" count="1" type="stmt"/>
      <line num="135" count="13" type="cond" truecount="2" falsecount="0"/>
      <line num="136" count="2" type="stmt"/>
      <line num="139" count="14" type="cond" truecount="2" falsecount="0"/>
      <line num="140" count="1" type="stmt"/>
      <line num="141" count="13" type="cond" truecount="2" falsecount="0"/>
      <line num="142" count="1" type="stmt"/>
      <line num="145" count="14" type="cond" truecount="4" falsecount="0"/>
      <line num="146" count="2" type="cond" truecount="2" falsecount="0"/>
      <line num="147" count="1" type="stmt"/>
      <line num="151" count="14" type="cond" truecount="4" falsecount="0"/>
      <line num="152" count="1" type="stmt"/>
      <line num="158" count="14" type="cond" truecount="5" falsecount="0"/>
      <line num="159" count="1" type="stmt"/>
      <line num="162" count="14" type="cond" truecount="2" falsecount="0"/>
      <line num="169" count="1" type="stmt"/>
      <line num="177" count="1" type="stmt"/>
      <line num="191" count="1" type="stmt"/>
      <line num="192" count="15" type="stmt"/>
      <line num="194" count="15" type="cond" truecount="2" falsecount="0"/>
      <line num="195" count="15" type="cond" truecount="2" falsecount="0"/>
      <line num="196" count="15" type="cond" truecount="1" falsecount="1"/>
      <line num="198" count="15" type="cond" truecount="2" falsecount="0"/>
      <line num="199" count="1" type="stmt"/>
      <line num="200" count="14" type="cond" truecount="2" falsecount="0"/>
      <line num="201" count="2" type="stmt"/>
      <line num="202" count="12" type="cond" truecount="2" falsecount="0"/>
      <line num="203" count="1" type="stmt"/>
      <line num="206" count="15" type="cond" truecount="2" falsecount="0"/>
      <line num="207" count="1" type="stmt"/>
      <line num="208" count="14" type="cond" truecount="2" falsecount="0"/>
      <line num="209" count="1" type="stmt"/>
      <line num="212" count="15" type="cond" truecount="2" falsecount="0"/>
      <line num="213" count="1" type="stmt"/>
      <line num="214" count="14" type="cond" truecount="2" falsecount="0"/>
      <line num="215" count="1" type="stmt"/>
      <line num="218" count="15" type="cond" truecount="4" falsecount="0"/>
      <line num="219" count="1" type="stmt"/>
      <line num="224" count="15" type="cond" truecount="4" falsecount="0"/>
      <line num="225" count="1" type="stmt"/>
      <line num="230" count="15" type="cond" truecount="2" falsecount="0"/>
      <line num="237" count="1" type="stmt"/>
      <line num="251" count="1" type="stmt"/>
      <line num="252" count="13" type="stmt"/>
      <line num="254" count="13" type="cond" truecount="2" falsecount="0"/>
      <line num="255" count="13" type="cond" truecount="2" falsecount="0"/>
      <line num="256" count="13" type="cond" truecount="2" falsecount="0"/>
      <line num="257" count="13" type="cond" truecount="1" falsecount="1"/>
      <line num="259" count="13" type="cond" truecount="2" falsecount="0"/>
      <line num="260" count="1" type="stmt"/>
      <line num="261" count="12" type="cond" truecount="4" falsecount="0"/>
      <line num="262" count="2" type="stmt"/>
      <line num="265" count="13" type="cond" truecount="4" falsecount="0"/>
      <line num="266" count="1" type="stmt"/>
      <line num="271" count="13" type="cond" truecount="4" falsecount="0"/>
      <line num="272" count="1" type="stmt"/>
      <line num="275" count="13" type="cond" truecount="4" falsecount="0"/>
      <line num="276" count="1" type="stmt"/>
      <line num="279" count="13" type="cond" truecount="2" falsecount="0"/>
      <line num="286" count="1" type="stmt"/>
      <line num="287" count="1" type="stmt"/>
      <line num="288" count="1" type="stmt"/>
      <line num="302" count="1" type="stmt"/>
      <line num="303" count="10" type="stmt"/>
      <line num="305" count="10" type="cond" truecount="2" falsecount="0"/>
      <line num="306" count="10" type="cond" truecount="2" falsecount="0"/>
      <line num="307" count="10" type="cond" truecount="2" falsecount="0"/>
      <line num="309" count="10" type="cond" truecount="4" falsecount="0"/>
      <line num="310" count="1" type="stmt"/>
      <line num="315" count="10" type="cond" truecount="4" falsecount="0"/>
      <line num="316" count="1" type="stmt"/>
      <line num="321" count="10" type="cond" truecount="4" falsecount="0"/>
      <line num="322" count="1" type="stmt"/>
      <line num="327" count="10" type="cond" truecount="5" falsecount="0"/>
      <line num="328" count="1" type="stmt"/>
      <line num="331" count="10" type="cond" truecount="2" falsecount="0"/>
      <line num="337" count="1" type="stmt"/>
      <line num="340" count="10" type="cond" truecount="2" falsecount="0"/>
      <line num="347" count="1" type="stmt"/>
      <line num="370" count="1" type="stmt"/>
      <line num="371" count="17" type="stmt"/>
      <line num="373" count="17" type="cond" truecount="2" falsecount="0"/>
      <line num="374" count="17" type="cond" truecount="2" falsecount="0"/>
      <line num="376" count="17" type="cond" truecount="2" falsecount="0"/>
      <line num="377" count="1" type="stmt"/>
      <line num="378" count="16" type="cond" truecount="2" falsecount="0"/>
      <line num="379" count="2" type="stmt"/>
      <line num="382" count="17" type="cond" truecount="2" falsecount="0"/>
      <line num="383" count="1" type="stmt"/>
      <line num="384" count="16" type="cond" truecount="4" falsecount="0"/>
      <line num="385" count="2" type="stmt"/>
      <line num="388" count="17" type="cond" truecount="4" falsecount="0"/>
      <line num="389" count="1" type="stmt"/>
      <line num="395" count="17" type="cond" truecount="4" falsecount="0"/>
      <line num="396" count="1" type="stmt"/>
      <line num="399" count="17" type="cond" truecount="4" falsecount="0"/>
      <line num="400" count="1" type="stmt"/>
      <line num="403" count="17" type="cond" truecount="5" falsecount="0"/>
      <line num="404" count="1" type="stmt"/>
      <line num="407" count="17" type="cond" truecount="2" falsecount="0"/>
      <line num="414" count="1" type="stmt"/>
      <line num="415" count="1" type="stmt"/>
      <line num="428" count="1" type="stmt"/>
      <line num="429" count="14" type="stmt"/>
      <line num="431" count="14" type="cond" truecount="2" falsecount="0"/>
      <line num="432" count="14" type="cond" truecount="2" falsecount="0"/>
      <line num="433" count="14" type="cond" truecount="2" falsecount="0"/>
      <line num="434" count="14" type="cond" truecount="2" falsecount="0"/>
      <line num="435" count="14" type="cond" truecount="2" falsecount="0"/>
      <line num="437" count="14" type="cond" truecount="2" falsecount="0"/>
      <line num="438" count="1" type="stmt"/>
      <line num="439" count="13" type="cond" truecount="2" falsecount="0"/>
      <line num="440" count="3" type="stmt"/>
      <line num="443" count="14" type="cond" truecount="4" falsecount="0"/>
      <line num="444" count="1" type="stmt"/>
      <line num="449" count="14" type="cond" truecount="4" falsecount="0"/>
      <line num="450" count="1" type="stmt"/>
      <line num="455" count="14" type="cond" truecount="4" falsecount="0"/>
      <line num="456" count="1" type="stmt"/>
      <line num="459" count="14" type="cond" truecount="2" falsecount="0"/>
      <line num="472" count="1" type="stmt"/>
      <line num="473" count="4" type="stmt"/>
      <line num="474" count="3" type="cond" truecount="2" falsecount="0"/>
    </file>
  </project>
</coverage>
