{"/workspaces/criselismunoz-latam-aie-pt-2-proyecto-final/src/utils/collections.ts": {"path":"/workspaces/criselismunoz-latam-aie-pt-2-proyecto-final/src/utils/collections.ts","statementMap":{"0":{"start":{"line":20,"column":0},"end":{"line":20,"column":16}},"1":{"start":{"line":36,"column":0},"end":{"line":36,"column":16}},"2":{"start":{"line":56,"column":0},"end":{"line":56,"column":16}},"3":{"start":{"line":79,"column":0},"end":{"line":79,"column":16}},"4":{"start":{"line":101,"column":0},"end":{"line":101,"column":16}},"5":{"start":{"line":131,"column":0},"end":{"line":131,"column":16}},"6":{"start":{"line":155,"column":0},"end":{"line":155,"column":16}},"7":{"start":{"line":186,"column":0},"end":{"line":186,"column":16}},"8":{"start":{"line":217,"column":0},"end":{"line":217,"column":16}},"9":{"start":{"line":234,"column":0},"end":{"line":234,"column":16}},"10":{"start":{"line":245,"column":0},"end":{"line":245,"column":16}},"11":{"start":{"line":24,"column":2},"end":{"line":24,"column":33}},"12":{"start":{"line":42,"column":2},"end":{"line":45,"column":5}},"13":{"start":{"line":43,"column":18},"end":{"line":43,"column":32}},"14":{"start":{"line":44,"column":4},"end":{"line":44,"column":40}},"15":{"start":{"line":61,"column":18},"end":{"line":61,"column":40}},"16":{"start":{"line":62,"column":2},"end":{"line":62,"column":61}},"17":{"start":{"line":62,"column":32},"end":{"line":62,"column":59}},"18":{"start":{"line":84,"column":2},"end":{"line":91,"column":5}},"19":{"start":{"line":85,"column":17},"end":{"line":85,"column":28}},"20":{"start":{"line":86,"column":17},"end":{"line":86,"column":28}},"21":{"start":{"line":88,"column":4},"end":{"line":88,"column":57}},"22":{"start":{"line":88,"column":21},"end":{"line":88,"column":57}},"23":{"start":{"line":89,"column":4},"end":{"line":89,"column":57}},"24":{"start":{"line":89,"column":21},"end":{"line":89,"column":57}},"25":{"start":{"line":90,"column":4},"end":{"line":90,"column":13}},"26":{"start":{"line":108,"column":2},"end":{"line":117,"column":5}},"27":{"start":{"line":109,"column":4},"end":{"line":115,"column":5}},"28":{"start":{"line":110,"column":19},"end":{"line":110,"column":30}},"29":{"start":{"line":111,"column":19},"end":{"line":111,"column":30}},"30":{"start":{"line":113,"column":6},"end":{"line":113,"column":59}},"31":{"start":{"line":113,"column":23},"end":{"line":113,"column":59}},"32":{"start":{"line":114,"column":6},"end":{"line":114,"column":59}},"33":{"start":{"line":114,"column":23},"end":{"line":114,"column":59}},"34":{"start":{"line":116,"column":4},"end":{"line":116,"column":13}},"35":{"start":{"line":135,"column":2},"end":{"line":145,"column":4}},"36":{"start":{"line":137,"column":18},"end":{"line":137,"column":30}},"37":{"start":{"line":138,"column":6},"end":{"line":140,"column":7}},"38":{"start":{"line":139,"column":8},"end":{"line":139,"column":22}},"39":{"start":{"line":141,"column":6},"end":{"line":141,"column":26}},"40":{"start":{"line":142,"column":6},"end":{"line":142,"column":17}},"41":{"start":{"line":159,"column":18},"end":{"line":159,"column":40}},"42":{"start":{"line":160,"column":2},"end":{"line":163,"column":6}},"43":{"start":{"line":160,"column":82},"end":{"line":163,"column":4}},"44":{"start":{"line":191,"column":16},"end":{"line":191,"column":28}},"45":{"start":{"line":192,"column":21},"end":{"line":192,"column":61}},"46":{"start":{"line":193,"column":19},"end":{"line":193,"column":58}},"47":{"start":{"line":194,"column":16},"end":{"line":194,"column":41}},"48":{"start":{"line":195,"column":21},"end":{"line":195,"column":57}},"49":{"start":{"line":197,"column":2},"end":{"line":203,"column":4}},"50":{"start":{"line":218,"column":15},"end":{"line":218,"column":27}},"51":{"start":{"line":219,"column":2},"end":{"line":224,"column":5}},"52":{"start":{"line":220,"column":16},"end":{"line":220,"column":28}},"53":{"start":{"line":221,"column":4},"end":{"line":221,"column":36}},"54":{"start":{"line":221,"column":23},"end":{"line":221,"column":36}},"55":{"start":{"line":222,"column":4},"end":{"line":222,"column":18}},"56":{"start":{"line":223,"column":4},"end":{"line":223,"column":16}},"57":{"start":{"line":235,"column":2},"end":{"line":235,"column":40}},"58":{"start":{"line":246,"column":2},"end":{"line":246,"column":32}},"59":{"start":{"line":246,"column":22},"end":{"line":246,"column":32}},"60":{"start":{"line":247,"column":24},"end":{"line":247,"column":26}},"61":{"start":{"line":248,"column":2},"end":{"line":250,"column":3}},"62":{"start":{"line":248,"column":15},"end":{"line":248,"column":16}},"63":{"start":{"line":249,"column":4},"end":{"line":249,"column":47}},"64":{"start":{"line":251,"column":2},"end":{"line":251,"column":16}}},"fnMap":{"0":{"name":"filterItems","decl":{"start":{"line":20,"column":16},"end":{"line":20,"column":27}},"loc":{"start":{"line":22,"column":48},"end":{"line":25,"column":1}}},"1":{"name":"filterByRange","decl":{"start":{"line":36,"column":16},"end":{"line":36,"column":29}},"loc":{"start":{"line":40,"column":13},"end":{"line":46,"column":1}}},"2":{"name":"(anonymous_2)","decl":{"start":{"line":42,"column":22},"end":{"line":42,"column":23}},"loc":{"start":{"line":42,"column":31},"end":{"line":45,"column":3}}},"3":{"name":"filterBySet","decl":{"start":{"line":56,"column":16},"end":{"line":56,"column":27}},"loc":{"start":{"line":59,"column":20},"end":{"line":63,"column":1}}},"4":{"name":"(anonymous_4)","decl":{"start":{"line":62,"column":22},"end":{"line":62,"column":23}},"loc":{"start":{"line":62,"column":32},"end":{"line":62,"column":59}}},"5":{"name":"sortBy","decl":{"start":{"line":79,"column":16},"end":{"line":79,"column":22}},"loc":{"start":{"line":82,"column":34},"end":{"line":92,"column":1}}},"6":{"name":"(anonymous_6)","decl":{"start":{"line":84,"column":25},"end":{"line":84,"column":26}},"loc":{"start":{"line":84,"column":34},"end":{"line":91,"column":3}}},"7":{"name":"sortByMultiple","decl":{"start":{"line":101,"column":16},"end":{"line":101,"column":30}},"loc":{"start":{"line":106,"column":5},"end":{"line":118,"column":1}}},"8":{"name":"(anonymous_8)","decl":{"start":{"line":108,"column":25},"end":{"line":108,"column":26}},"loc":{"start":{"line":108,"column":34},"end":{"line":117,"column":3}}},"9":{"name":"groupBy","decl":{"start":{"line":131,"column":16},"end":{"line":131,"column":23}},"loc":{"start":{"line":133,"column":24},"end":{"line":146,"column":1}}},"10":{"name":"(anonymous_10)","decl":{"start":{"line":136,"column":4},"end":{"line":136,"column":5}},"loc":{"start":{"line":136,"column":18},"end":{"line":143,"column":5}}},"11":{"name":"countBy","decl":{"start":{"line":155,"column":16},"end":{"line":155,"column":23}},"loc":{"start":{"line":157,"column":24},"end":{"line":164,"column":1}}},"12":{"name":"(anonymous_12)","decl":{"start":{"line":160,"column":58},"end":{"line":160,"column":59}},"loc":{"start":{"line":160,"column":82},"end":{"line":163,"column":4}}},"13":{"name":"paginate","decl":{"start":{"line":186,"column":16},"end":{"line":186,"column":24}},"loc":{"start":{"line":189,"column":18},"end":{"line":204,"column":1}}},"14":{"name":"uniqueBy","decl":{"start":{"line":217,"column":16},"end":{"line":217,"column":24}},"loc":{"start":{"line":217,"column":65},"end":{"line":225,"column":1}}},"15":{"name":"(anonymous_15)","decl":{"start":{"line":219,"column":22},"end":{"line":219,"column":23}},"loc":{"start":{"line":219,"column":31},"end":{"line":224,"column":3}}},"16":{"name":"take","decl":{"start":{"line":234,"column":16},"end":{"line":234,"column":20}},"loc":{"start":{"line":234,"column":45},"end":{"line":236,"column":1}}},"17":{"name":"chunk","decl":{"start":{"line":245,"column":16},"end":{"line":245,"column":21}},"loc":{"start":{"line":245,"column":54},"end":{"line":252,"column":1}}}},"branchMap":{"0":{"loc":{"start":{"line":44,"column":11},"end":{"line":44,"column":39}},"type":"binary-expr","locations":[{"start":{"line":44,"column":11},"end":{"line":44,"column":23}},{"start":{"line":44,"column":27},"end":{"line":44,"column":39}}]},"1":{"loc":{"start":{"line":82,"column":2},"end":{"line":82,"column":34}},"type":"default-arg","locations":[{"start":{"line":82,"column":29},"end":{"line":82,"column":34}}]},"2":{"loc":{"start":{"line":88,"column":4},"end":{"line":88,"column":57}},"type":"if","locations":[{"start":{"line":88,"column":4},"end":{"line":88,"column":57}},{"start":{},"end":{}}]},"3":{"loc":{"start":{"line":88,"column":28},"end":{"line":88,"column":56}},"type":"cond-expr","locations":[{"start":{"line":88,"column":50},"end":{"line":88,"column":52}},{"start":{"line":88,"column":55},"end":{"line":88,"column":56}}]},"4":{"loc":{"start":{"line":89,"column":4},"end":{"line":89,"column":57}},"type":"if","locations":[{"start":{"line":89,"column":4},"end":{"line":89,"column":57}},{"start":{},"end":{}}]},"5":{"loc":{"start":{"line":89,"column":28},"end":{"line":89,"column":56}},"type":"cond-expr","locations":[{"start":{"line":89,"column":50},"end":{"line":89,"column":51}},{"start":{"line":89,"column":54},"end":{"line":89,"column":56}}]},"6":{"loc":{"start":{"line":113,"column":6},"end":{"line":113,"column":59}},"type":"if","locations":[{"start":{"line":113,"column":6},"end":{"line":113,"column":59}},{"start":{},"end":{}}]},"7":{"loc":{"start":{"line":113,"column":30},"end":{"line":113,"column":58}},"type":"cond-expr","locations":[{"start":{"line":113,"column":52},"end":{"line":113,"column":54}},{"start":{"line":113,"column":57},"end":{"line":113,"column":58}}]},"8":{"loc":{"start":{"line":114,"column":6},"end":{"line":114,"column":59}},"type":"if","locations":[{"start":{"line":114,"column":6},"end":{"line":114,"column":59}},{"start":{},"end":{}}]},"9":{"loc":{"start":{"line":114,"column":30},"end":{"line":114,"column":58}},"type":"cond-expr","locations":[{"start":{"line":114,"column":52},"end":{"line":114,"column":53}},{"start":{"line":114,"column":56},"end":{"line":114,"column":58}}]},"10":{"loc":{"start":{"line":138,"column":6},"end":{"line":140,"column":7}},"type":"if","locations":[{"start":{"line":138,"column":6},"end":{"line":140,"column":7}},{"start":{},"end":{}}]},"11":{"loc":{"start":{"line":221,"column":4},"end":{"line":221,"column":36}},"type":"if","locations":[{"start":{"line":221,"column":4},"end":{"line":221,"column":36}},{"start":{},"end":{}}]},"12":{"loc":{"start":{"line":246,"column":2},"end":{"line":246,"column":32}},"type":"if","locations":[{"start":{"line":246,"column":2},"end":{"line":246,"column":32}},{"start":{},"end":{}}]}},"s":{"0":1,"1":1,"2":1,"3":1,"4":1,"5":1,"6":1,"7":1,"8":1,"9":1,"10":1,"11":5,"12":4,"13":15,"14":15,"15":3,"16":3,"17":15,"18":8,"19":44,"20":44,"21":44,"22":17,"23":27,"24":26,"25":1,"26":4,"27":17,"28":15,"29":15,"30":15,"31":4,"32":11,"33":9,"34":4,"35":4,"36":10,"37":10,"38":6,"39":10,"40":10,"41":2,"42":2,"43":3,"44":7,"45":7,"46":7,"47":7,"48":7,"49":7,"50":3,"51":3,"52":8,"53":8,"54":1,"55":7,"56":7,"57":5,"58":6,"59":2,"60":4,"61":4,"62":4,"63":9,"64":4},"f":{"0":5,"1":4,"2":15,"3":3,"4":15,"5":8,"6":44,"7":4,"8":17,"9":4,"10":10,"11":2,"12":3,"13":7,"14":3,"15":8,"16":5,"17":6},"b":{"0":[15,8],"1":[4],"2":[17,27],"3":[13,4],"4":[26,1],"5":[14,12],"6":[4,11],"7":[1,3],"8":[9,2],"9":[3,6],"10":[6,4],"11":[1,7],"12":[2,4]}}
,"/workspaces/criselismunoz-latam-aie-pt-2-proyecto-final/src/utils/search.ts": {"path":"/workspaces/criselismunoz-latam-aie-pt-2-proyecto-final/src/utils/search.ts","statementMap":{"0":{"start":{"line":26,"column":0},"end":{"line":26,"column":16}},"1":{"start":{"line":45,"column":0},"end":{"line":45,"column":16}},"2":{"start":{"line":65,"column":0},"end":{"line":65,"column":16}},"3":{"start":{"line":105,"column":0},"end":{"line":105,"column":16}},"4":{"start":{"line":146,"column":0},"end":{"line":146,"column":16}},"5":{"start":{"line":172,"column":0},"end":{"line":172,"column":16}},"6":{"start":{"line":30,"column":2},"end":{"line":34,"column":3}},"7":{"start":{"line":30,"column":15},"end":{"line":30,"column":16}},"8":{"start":{"line":31,"column":4},"end":{"line":33,"column":5}},"9":{"start":{"line":32,"column":6},"end":{"line":32,"column":55}},"10":{"start":{"line":35,"column":2},"end":{"line":35,"column":49}},"11":{"start":{"line":49,"column":2},"end":{"line":49,"column":33}},"12":{"start":{"line":70,"column":2},"end":{"line":72,"column":3}},"13":{"start":{"line":71,"column":4},"end":{"line":71,"column":51}},"14":{"start":{"line":74,"column":13},"end":{"line":74,"column":14}},"15":{"start":{"line":75,"column":14},"end":{"line":75,"column":30}},"16":{"start":{"line":77,"column":2},"end":{"line":90,"column":3}},"17":{"start":{"line":78,"column":16},"end":{"line":78,"column":46}},"18":{"start":{"line":79,"column":21},"end":{"line":79,"column":41}},"19":{"start":{"line":81,"column":4},"end":{"line":83,"column":5}},"20":{"start":{"line":82,"column":6},"end":{"line":82,"column":59}},"21":{"start":{"line":85,"column":4},"end":{"line":89,"column":5}},"22":{"start":{"line":86,"column":6},"end":{"line":86,"column":21}},"23":{"start":{"line":88,"column":6},"end":{"line":88,"column":22}},"24":{"start":{"line":92,"column":2},"end":{"line":92,"column":49}},"25":{"start":{"line":110,"column":2},"end":{"line":112,"column":3}},"26":{"start":{"line":111,"column":4},"end":{"line":111,"column":70}},"27":{"start":{"line":114,"column":13},"end":{"line":114,"column":14}},"28":{"start":{"line":115,"column":14},"end":{"line":115,"column":30}},"29":{"start":{"line":117,"column":2},"end":{"line":130,"column":3}},"30":{"start":{"line":118,"column":16},"end":{"line":118,"column":46}},"31":{"start":{"line":119,"column":21},"end":{"line":119,"column":41}},"32":{"start":{"line":121,"column":4},"end":{"line":123,"column":5}},"33":{"start":{"line":122,"column":6},"end":{"line":122,"column":80}},"34":{"start":{"line":125,"column":4},"end":{"line":129,"column":5}},"35":{"start":{"line":126,"column":6},"end":{"line":126,"column":21}},"36":{"start":{"line":128,"column":6},"end":{"line":128,"column":22}},"37":{"start":{"line":132,"column":2},"end":{"line":132,"column":71}},"38":{"start":{"line":150,"column":2},"end":{"line":154,"column":3}},"39":{"start":{"line":150,"column":15},"end":{"line":150,"column":16}},"40":{"start":{"line":151,"column":4},"end":{"line":153,"column":5}},"41":{"start":{"line":152,"column":6},"end":{"line":152,"column":19}},"42":{"start":{"line":155,"column":2},"end":{"line":155,"column":14}},"43":{"start":{"line":177,"column":2},"end":{"line":179,"column":3}},"44":{"start":{"line":178,"column":4},"end":{"line":178,"column":49}},"45":{"start":{"line":180,"column":2},"end":{"line":180,"column":66}},"46":{"start":{"line":180,"column":39},"end":{"line":180,"column":64}}},"fnMap":{"0":{"name":"linearSearch","decl":{"start":{"line":26,"column":16},"end":{"line":26,"column":28}},"loc":{"start":{"line":28,"column":33},"end":{"line":36,"column":1}}},"1":{"name":"linearSearchAll","decl":{"start":{"line":45,"column":16},"end":{"line":45,"column":31}},"loc":{"start":{"line":47,"column":33},"end":{"line":50,"column":1}}},"2":{"name":"binarySearch","decl":{"start":{"line":65,"column":16},"end":{"line":65,"column":28}},"loc":{"start":{"line":68,"column":32},"end":{"line":93,"column":1}}},"3":{"name":"binarySearchWithInsertionIndex","decl":{"start":{"line":105,"column":16},"end":{"line":105,"column":46}},"loc":{"start":{"line":108,"column":32},"end":{"line":133,"column":1}}},"4":{"name":"isSorted","decl":{"start":{"line":146,"column":16},"end":{"line":146,"column":24}},"loc":{"start":{"line":148,"column":47},"end":{"line":156,"column":1}}},"5":{"name":"smartSearch","decl":{"start":{"line":172,"column":16},"end":{"line":172,"column":27}},"loc":{"start":{"line":175,"column":32},"end":{"line":181,"column":1}}},"6":{"name":"(anonymous_6)","decl":{"start":{"line":180,"column":29},"end":{"line":180,"column":30}},"loc":{"start":{"line":180,"column":39},"end":{"line":180,"column":64}}}},"branchMap":{"0":{"loc":{"start":{"line":31,"column":4},"end":{"line":33,"column":5}},"type":"if","locations":[{"start":{"line":31,"column":4},"end":{"line":33,"column":5}},{"start":{},"end":{}}]},"1":{"loc":{"start":{"line":70,"column":2},"end":{"line":72,"column":3}},"type":"if","locations":[{"start":{"line":70,"column":2},"end":{"line":72,"column":3}},{"start":{},"end":{}}]},"2":{"loc":{"start":{"line":81,"column":4},"end":{"line":83,"column":5}},"type":"if","locations":[{"start":{"line":81,"column":4},"end":{"line":83,"column":5}},{"start":{},"end":{}}]},"3":{"loc":{"start":{"line":85,"column":4},"end":{"line":89,"column":5}},"type":"if","locations":[{"start":{"line":85,"column":4},"end":{"line":89,"column":5}},{"start":{"line":87,"column":11},"end":{"line":89,"column":5}}]},"4":{"loc":{"start":{"line":110,"column":2},"end":{"line":112,"column":3}},"type":"if","locations":[{"start":{"line":110,"column":2},"end":{"line":112,"column":3}},{"start":{},"end":{}}]},"5":{"loc":{"start":{"line":121,"column":4},"end":{"line":123,"column":5}},"type":"if","locations":[{"start":{"line":121,"column":4},"end":{"line":123,"column":5}},{"start":{},"end":{}}]},"6":{"loc":{"start":{"line":125,"column":4},"end":{"line":129,"column":5}},"type":"if","locations":[{"start":{"line":125,"column":4},"end":{"line":129,"column":5}},{"start":{"line":127,"column":11},"end":{"line":129,"column":5}}]},"7":{"loc":{"start":{"line":151,"column":4},"end":{"line":153,"column":5}},"type":"if","locations":[{"start":{"line":151,"column":4},"end":{"line":153,"column":5}},{"start":{},"end":{}}]},"8":{"loc":{"start":{"line":177,"column":2},"end":{"line":179,"column":3}},"type":"if","locations":[{"start":{"line":177,"column":2},"end":{"line":179,"column":3}},{"start":{},"end":{}}]},"9":{"loc":{"start":{"line":177,"column":6},"end":{"line":177,"column":52}},"type":"binary-expr","locations":[{"start":{"line":177,"column":6},"end":{"line":177,"column":23}},{"start":{"line":177,"column":27},"end":{"line":177,"column":52}}]}},"s":{"0":1,"1":1,"2":1,"3":1,"4":1,"5":1,"6":11,"7":11,"8":34,"9":6,"10":5,"11":4,"12":13,"13":1,"14":12,"15":12,"16":12,"17":37,"18":37,"19":37,"20":7,"21":30,"22":14,"23":16,"24":5,"25":8,"26":1,"27":7,"28":7,"29":7,"30":12,"31":12,"32":12,"33":2,"34":10,"35":6,"36":4,"37":5,"38":11,"39":11,"40":244,"41":3,"42":8,"43":7,"44":3,"45":4,"46":18},"f":{"0":11,"1":4,"2":13,"3":8,"4":11,"5":7,"6":18},"b":{"0":[6,28],"1":[1,12],"2":[7,30],"3":[14,16],"4":[1,7],"5":[2,10],"6":[6,4],"7":[3,241],"8":[3,4],"9":[7,3]}}
,"/workspaces/criselismunoz-latam-aie-pt-2-proyecto-final/src/utils/transformations.ts": {"path":"/workspaces/criselismunoz-latam-aie-pt-2-proyecto-final/src/utils/transformations.ts","statementMap":{"0":{"start":{"line":22,"column":0},"end":{"line":22,"column":16}},"1":{"start":{"line":55,"column":0},"end":{"line":55,"column":16}},"2":{"start":{"line":70,"column":0},"end":{"line":70,"column":16}},"3":{"start":{"line":89,"column":0},"end":{"line":89,"column":16}},"4":{"start":{"line":107,"column":0},"end":{"line":107,"column":16}},"5":{"start":{"line":129,"column":0},"end":{"line":129,"column":16}},"6":{"start":{"line":156,"column":0},"end":{"line":156,"column":16}},"7":{"start":{"line":26,"column":2},"end":{"line":28,"column":3}},"8":{"start":{"line":27,"column":4},"end":{"line":27,"column":60}},"9":{"start":{"line":30,"column":17},"end":{"line":30,"column":36}},"10":{"start":{"line":31,"column":14},"end":{"line":31,"column":51}},"11":{"start":{"line":31,"column":40},"end":{"line":31,"column":47}},"12":{"start":{"line":32,"column":14},"end":{"line":32,"column":33}},"13":{"start":{"line":33,"column":14},"end":{"line":33,"column":33}},"14":{"start":{"line":35,"column":2},"end":{"line":41,"column":4}},"15":{"start":{"line":56,"column":2},"end":{"line":56,"column":62}},"16":{"start":{"line":56,"column":37},"end":{"line":56,"column":57}},"17":{"start":{"line":74,"column":2},"end":{"line":74,"column":35}},"18":{"start":{"line":74,"column":26},"end":{"line":74,"column":35}},"19":{"start":{"line":75,"column":2},"end":{"line":75,"column":47}},"20":{"start":{"line":93,"column":2},"end":{"line":93,"column":38}},"21":{"start":{"line":93,"column":26},"end":{"line":93,"column":38}},"22":{"start":{"line":95,"column":2},"end":{"line":97,"column":4}},"23":{"start":{"line":96,"column":4},"end":{"line":96,"column":55}},"24":{"start":{"line":111,"column":2},"end":{"line":111,"column":38}},"25":{"start":{"line":111,"column":26},"end":{"line":111,"column":38}},"26":{"start":{"line":113,"column":2},"end":{"line":115,"column":4}},"27":{"start":{"line":114,"column":4},"end":{"line":114,"column":55}},"28":{"start":{"line":133,"column":41},"end":{"line":133,"column":43}},"29":{"start":{"line":135,"column":2},"end":{"line":138,"column":3}},"30":{"start":{"line":136,"column":16},"end":{"line":136,"column":28}},"31":{"start":{"line":137,"column":4},"end":{"line":137,"column":41}},"32":{"start":{"line":140,"column":2},"end":{"line":142,"column":39}},"33":{"start":{"line":141,"column":33},"end":{"line":141,"column":52}},"34":{"start":{"line":142,"column":20},"end":{"line":142,"column":37}},"35":{"start":{"line":160,"column":2},"end":{"line":160,"column":36}},"36":{"start":{"line":160,"column":26},"end":{"line":160,"column":36}},"37":{"start":{"line":162,"column":17},"end":{"line":162,"column":47}},"38":{"start":{"line":163,"column":2},"end":{"line":167,"column":6}},"39":{"start":{"line":163,"column":46},"end":{"line":167,"column":4}}},"fnMap":{"0":{"name":"numericSummary","decl":{"start":{"line":22,"column":16},"end":{"line":22,"column":30}},"loc":{"start":{"line":24,"column":31},"end":{"line":42,"column":1}}},"1":{"name":"(anonymous_1)","decl":{"start":{"line":31,"column":28},"end":{"line":31,"column":29}},"loc":{"start":{"line":31,"column":40},"end":{"line":31,"column":47}}},"2":{"name":"sumBy","decl":{"start":{"line":55,"column":16},"end":{"line":55,"column":21}},"loc":{"start":{"line":55,"column":66},"end":{"line":57,"column":1}}},"3":{"name":"(anonymous_3)","decl":{"start":{"line":56,"column":22},"end":{"line":56,"column":23}},"loc":{"start":{"line":56,"column":37},"end":{"line":56,"column":57}}},"4":{"name":"averageBy","decl":{"start":{"line":70,"column":16},"end":{"line":70,"column":25}},"loc":{"start":{"line":72,"column":31},"end":{"line":76,"column":1}}},"5":{"name":"maxBy","decl":{"start":{"line":89,"column":16},"end":{"line":89,"column":21}},"loc":{"start":{"line":91,"column":47},"end":{"line":98,"column":1}}},"6":{"name":"(anonymous_6)","decl":{"start":{"line":95,"column":22},"end":{"line":95,"column":23}},"loc":{"start":{"line":96,"column":4},"end":{"line":96,"column":55}}},"7":{"name":"minBy","decl":{"start":{"line":107,"column":16},"end":{"line":107,"column":21}},"loc":{"start":{"line":109,"column":47},"end":{"line":116,"column":1}}},"8":{"name":"(anonymous_8)","decl":{"start":{"line":113,"column":22},"end":{"line":113,"column":23}},"loc":{"start":{"line":114,"column":4},"end":{"line":114,"column":55}}},"9":{"name":"countByCategory","decl":{"start":{"line":129,"column":16},"end":{"line":129,"column":31}},"loc":{"start":{"line":131,"column":29},"end":{"line":143,"column":1}}},"10":{"name":"(anonymous_10)","decl":{"start":{"line":141,"column":9},"end":{"line":141,"column":10}},"loc":{"start":{"line":141,"column":33},"end":{"line":141,"column":52}}},"11":{"name":"(anonymous_11)","decl":{"start":{"line":142,"column":10},"end":{"line":142,"column":11}},"loc":{"start":{"line":142,"column":20},"end":{"line":142,"column":37}}},"12":{"name":"categoryDistribution","decl":{"start":{"line":156,"column":16},"end":{"line":156,"column":36}},"loc":{"start":{"line":158,"column":29},"end":{"line":168,"column":1}}},"13":{"name":"(anonymous_13)","decl":{"start":{"line":163,"column":20},"end":{"line":163,"column":21}},"loc":{"start":{"line":163,"column":46},"end":{"line":167,"column":4}}}},"branchMap":{"0":{"loc":{"start":{"line":26,"column":2},"end":{"line":28,"column":3}},"type":"if","locations":[{"start":{"line":26,"column":2},"end":{"line":28,"column":3}},{"start":{},"end":{}}]},"1":{"loc":{"start":{"line":74,"column":2},"end":{"line":74,"column":35}},"type":"if","locations":[{"start":{"line":74,"column":2},"end":{"line":74,"column":35}},{"start":{},"end":{}}]},"2":{"loc":{"start":{"line":93,"column":2},"end":{"line":93,"column":38}},"type":"if","locations":[{"start":{"line":93,"column":2},"end":{"line":93,"column":38}},{"start":{},"end":{}}]},"3":{"loc":{"start":{"line":96,"column":4},"end":{"line":96,"column":55}},"type":"cond-expr","locations":[{"start":{"line":96,"column":41},"end":{"line":96,"column":48}},{"start":{"line":96,"column":51},"end":{"line":96,"column":55}}]},"4":{"loc":{"start":{"line":111,"column":2},"end":{"line":111,"column":38}},"type":"if","locations":[{"start":{"line":111,"column":2},"end":{"line":111,"column":38}},{"start":{},"end":{}}]},"5":{"loc":{"start":{"line":114,"column":4},"end":{"line":114,"column":55}},"type":"cond-expr","locations":[{"start":{"line":114,"column":41},"end":{"line":114,"column":48}},{"start":{"line":114,"column":51},"end":{"line":114,"column":55}}]},"6":{"loc":{"start":{"line":137,"column":19},"end":{"line":137,"column":35}},"type":"binary-expr","locations":[{"start":{"line":137,"column":19},"end":{"line":137,"column":30}},{"start":{"line":137,"column":34},"end":{"line":137,"column":35}}]},"7":{"loc":{"start":{"line":160,"column":2},"end":{"line":160,"column":36}},"type":"if","locations":[{"start":{"line":160,"column":2},"end":{"line":160,"column":36}},{"start":{},"end":{}}]}},"s":{"0":1,"1":1,"2":1,"3":1,"4":1,"5":1,"6":1,"7":5,"8":1,"9":4,"10":4,"11":10,"12":4,"13":4,"14":4,"15":9,"16":23,"17":6,"18":2,"19":4,"20":6,"21":1,"22":5,"23":9,"24":6,"25":1,"26":5,"27":9,"28":8,"29":8,"30":25,"31":25,"32":8,"33":16,"34":9,"35":4,"36":1,"37":3,"38":3,"39":6},"f":{"0":5,"1":10,"2":9,"3":23,"4":6,"5":6,"6":9,"7":6,"8":9,"9":8,"10":16,"11":9,"12":4,"13":6},"b":{"0":[1,4],"1":[2,4],"2":[1,5],"3":[5,4],"4":[1,5],"5":[2,7],"6":[25,16],"7":[1,3]}}
,"/workspaces/criselismunoz-latam-aie-pt-2-proyecto-final/src/utils/validations.ts": {"path":"/workspaces/criselismunoz-latam-aie-pt-2-proyecto-final/src/utils/validations.ts","statementMap":{"0":{"start":{"line":59,"column":0},"end":{"line":59,"column":16}},"1":{"start":{"line":126,"column":0},"end":{"line":126,"column":16}},"2":{"start":{"line":191,"column":0},"end":{"line":191,"column":16}},"3":{"start":{"line":251,"column":0},"end":{"line":251,"column":16}},"4":{"start":{"line":302,"column":0},"end":{"line":302,"column":16}},"5":{"start":{"line":370,"column":0},"end":{"line":370,"column":16}},"6":{"start":{"line":428,"column":0},"end":{"line":428,"column":16}},"7":{"start":{"line":472,"column":0},"end":{"line":472,"column":16}},"8":{"start":{"line":24,"column":2},"end":{"line":24,"column":37}},"9":{"start":{"line":28,"column":2},"end":{"line":28,"column":34}},"10":{"start":{"line":35,"column":29},"end":{"line":35,"column":84}},"11":{"start":{"line":36,"column":33},"end":{"line":43,"column":11}},"12":{"start":{"line":60,"column":27},"end":{"line":60,"column":29}},"13":{"start":{"line":63,"column":2},"end":{"line":63,"column":71}},"14":{"start":{"line":63,"column":21},"end":{"line":63,"column":71}},"15":{"start":{"line":64,"column":2},"end":{"line":64,"column":90}},"16":{"start":{"line":64,"column":36},"end":{"line":64,"column":90}},"17":{"start":{"line":65,"column":2},"end":{"line":65,"column":91}},"18":{"start":{"line":65,"column":35},"end":{"line":65,"column":91}},"19":{"start":{"line":68,"column":2},"end":{"line":72,"column":3}},"20":{"start":{"line":69,"column":4},"end":{"line":69,"column":57}},"21":{"start":{"line":70,"column":9},"end":{"line":72,"column":3}},"22":{"start":{"line":71,"column":4},"end":{"line":71,"column":76}},"23":{"start":{"line":75,"column":2},"end":{"line":81,"column":3}},"24":{"start":{"line":76,"column":4},"end":{"line":76,"column":60}},"25":{"start":{"line":77,"column":9},"end":{"line":81,"column":3}},"26":{"start":{"line":78,"column":4},"end":{"line":78,"column":67}},"27":{"start":{"line":79,"column":9},"end":{"line":81,"column":3}},"28":{"start":{"line":80,"column":4},"end":{"line":80,"column":64}},"29":{"start":{"line":84,"column":2},"end":{"line":88,"column":3}},"30":{"start":{"line":85,"column":4},"end":{"line":85,"column":57}},"31":{"start":{"line":86,"column":9},"end":{"line":88,"column":3}},"32":{"start":{"line":87,"column":4},"end":{"line":87,"column":84}},"33":{"start":{"line":91,"column":2},"end":{"line":95,"column":3}},"34":{"start":{"line":92,"column":4},"end":{"line":94,"column":6}},"35":{"start":{"line":98,"column":2},"end":{"line":102,"column":3}},"36":{"start":{"line":99,"column":4},"end":{"line":101,"column":6}},"37":{"start":{"line":104,"column":2},"end":{"line":104,"column":59}},"38":{"start":{"line":111,"column":31},"end":{"line":111,"column":87}},"39":{"start":{"line":127,"column":27},"end":{"line":127,"column":29}},"40":{"start":{"line":129,"column":2},"end":{"line":129,"column":69}},"41":{"start":{"line":129,"column":19},"end":{"line":129,"column":69}},"42":{"start":{"line":130,"column":2},"end":{"line":130,"column":84}},"43":{"start":{"line":130,"column":30},"end":{"line":130,"column":84}},"44":{"start":{"line":131,"column":2},"end":{"line":131,"column":75}},"45":{"start":{"line":131,"column":25},"end":{"line":131,"column":75}},"46":{"start":{"line":133,"column":2},"end":{"line":137,"column":3}},"47":{"start":{"line":134,"column":4},"end":{"line":134,"column":49}},"48":{"start":{"line":135,"column":9},"end":{"line":137,"column":3}},"49":{"start":{"line":136,"column":4},"end":{"line":136,"column":62}},"50":{"start":{"line":139,"column":2},"end":{"line":143,"column":3}},"51":{"start":{"line":140,"column":4},"end":{"line":140,"column":56}},"52":{"start":{"line":141,"column":9},"end":{"line":143,"column":3}},"53":{"start":{"line":142,"column":4},"end":{"line":142,"column":63}},"54":{"start":{"line":145,"column":2},"end":{"line":149,"column":3}},"55":{"start":{"line":146,"column":4},"end":{"line":148,"column":5}},"56":{"start":{"line":147,"column":6},"end":{"line":147,"column":84}},"57":{"start":{"line":151,"column":2},"end":{"line":155,"column":3}},"58":{"start":{"line":152,"column":4},"end":{"line":154,"column":6}},"59":{"start":{"line":158,"column":2},"end":{"line":160,"column":3}},"60":{"start":{"line":159,"column":4},"end":{"line":159,"column":83}},"61":{"start":{"line":162,"column":2},"end":{"line":162,"column":59}},"62":{"start":{"line":169,"column":34},"end":{"line":175,"column":11}},"63":{"start":{"line":177,"column":25},"end":{"line":177,"column":67}},"64":{"start":{"line":192,"column":27},"end":{"line":192,"column":29}},"65":{"start":{"line":194,"column":2},"end":{"line":194,"column":68}},"66":{"start":{"line":194,"column":19},"end":{"line":194,"column":68}},"67":{"start":{"line":195,"column":2},"end":{"line":195,"column":83}},"68":{"start":{"line":195,"column":30},"end":{"line":195,"column":83}},"69":{"start":{"line":196,"column":2},"end":{"line":196,"column":68}},"70":{"start":{"line":196,"column":25},"end":{"line":196,"column":68}},"71":{"start":{"line":198,"column":2},"end":{"line":204,"column":3}},"72":{"start":{"line":199,"column":4},"end":{"line":199,"column":55}},"73":{"start":{"line":200,"column":9},"end":{"line":204,"column":3}},"74":{"start":{"line":201,"column":4},"end":{"line":201,"column":56}},"75":{"start":{"line":202,"column":9},"end":{"line":204,"column":3}},"76":{"start":{"line":203,"column":4},"end":{"line":203,"column":63}},"77":{"start":{"line":206,"column":2},"end":{"line":210,"column":3}},"78":{"start":{"line":207,"column":4},"end":{"line":207,"column":61}},"79":{"start":{"line":208,"column":9},"end":{"line":210,"column":3}},"80":{"start":{"line":209,"column":4},"end":{"line":209,"column":65}},"81":{"start":{"line":212,"column":2},"end":{"line":216,"column":3}},"82":{"start":{"line":213,"column":4},"end":{"line":213,"column":61}},"83":{"start":{"line":214,"column":9},"end":{"line":216,"column":3}},"84":{"start":{"line":215,"column":4},"end":{"line":215,"column":68}},"85":{"start":{"line":218,"column":2},"end":{"line":222,"column":3}},"86":{"start":{"line":219,"column":4},"end":{"line":221,"column":6}},"87":{"start":{"line":224,"column":2},"end":{"line":228,"column":3}},"88":{"start":{"line":225,"column":4},"end":{"line":227,"column":6}},"89":{"start":{"line":230,"column":2},"end":{"line":230,"column":59}},"90":{"start":{"line":237,"column":34},"end":{"line":237,"column":95}},"91":{"start":{"line":252,"column":27},"end":{"line":252,"column":29}},"92":{"start":{"line":254,"column":2},"end":{"line":254,"column":76}},"93":{"start":{"line":254,"column":22},"end":{"line":254,"column":76}},"94":{"start":{"line":255,"column":2},"end":{"line":255,"column":71}},"95":{"start":{"line":255,"column":29},"end":{"line":255,"column":71}},"96":{"start":{"line":256,"column":2},"end":{"line":256,"column":100}},"97":{"start":{"line":256,"column":43},"end":{"line":256,"column":100}},"98":{"start":{"line":257,"column":2},"end":{"line":257,"column":100}},"99":{"start":{"line":257,"column":44},"end":{"line":257,"column":100}},"100":{"start":{"line":259,"column":2},"end":{"line":263,"column":3}},"101":{"start":{"line":260,"column":4},"end":{"line":260,"column":46}},"102":{"start":{"line":261,"column":9},"end":{"line":263,"column":3}},"103":{"start":{"line":262,"column":4},"end":{"line":262,"column":98}},"104":{"start":{"line":265,"column":2},"end":{"line":269,"column":3}},"105":{"start":{"line":266,"column":4},"end":{"line":268,"column":6}},"106":{"start":{"line":271,"column":2},"end":{"line":273,"column":3}},"107":{"start":{"line":272,"column":4},"end":{"line":272,"column":83}},"108":{"start":{"line":275,"column":2},"end":{"line":277,"column":3}},"109":{"start":{"line":276,"column":4},"end":{"line":276,"column":63}},"110":{"start":{"line":279,"column":2},"end":{"line":279,"column":59}},"111":{"start":{"line":286,"column":25},"end":{"line":286,"column":70}},"112":{"start":{"line":287,"column":30},"end":{"line":287,"column":88}},"113":{"start":{"line":288,"column":23},"end":{"line":288,"column":61}},"114":{"start":{"line":303,"column":27},"end":{"line":303,"column":29}},"115":{"start":{"line":305,"column":2},"end":{"line":305,"column":65}},"116":{"start":{"line":305,"column":18},"end":{"line":305,"column":65}},"117":{"start":{"line":306,"column":2},"end":{"line":306,"column":65}},"118":{"start":{"line":306,"column":24},"end":{"line":306,"column":65}},"119":{"start":{"line":307,"column":2},"end":{"line":307,"column":82}},"120":{"start":{"line":307,"column":31},"end":{"line":307,"column":82}},"121":{"start":{"line":309,"column":2},"end":{"line":313,"column":3}},"122":{"start":{"line":310,"column":4},"end":{"line":312,"column":6}},"123":{"start":{"line":315,"column":2},"end":{"line":319,"column":3}},"124":{"start":{"line":316,"column":4},"end":{"line":318,"column":6}},"125":{"start":{"line":321,"column":2},"end":{"line":325,"column":3}},"126":{"start":{"line":322,"column":4},"end":{"line":324,"column":6}},"127":{"start":{"line":327,"column":2},"end":{"line":329,"column":3}},"128":{"start":{"line":328,"column":4},"end":{"line":328,"column":77}},"129":{"start":{"line":331,"column":2},"end":{"line":338,"column":3}},"130":{"start":{"line":337,"column":4},"end":{"line":337,"column":87}},"131":{"start":{"line":340,"column":2},"end":{"line":340,"column":59}},"132":{"start":{"line":347,"column":26},"end":{"line":355,"column":11}},"133":{"start":{"line":371,"column":27},"end":{"line":371,"column":29}},"134":{"start":{"line":373,"column":2},"end":{"line":373,"column":77}},"135":{"start":{"line":373,"column":23},"end":{"line":373,"column":77}},"136":{"start":{"line":374,"column":2},"end":{"line":374,"column":70}},"137":{"start":{"line":374,"column":29},"end":{"line":374,"column":70}},"138":{"start":{"line":376,"column":2},"end":{"line":380,"column":3}},"139":{"start":{"line":377,"column":4},"end":{"line":377,"column":43}},"140":{"start":{"line":378,"column":9},"end":{"line":380,"column":3}},"141":{"start":{"line":379,"column":4},"end":{"line":379,"column":56}},"142":{"start":{"line":382,"column":2},"end":{"line":386,"column":3}},"143":{"start":{"line":383,"column":4},"end":{"line":383,"column":50}},"144":{"start":{"line":384,"column":9},"end":{"line":386,"column":3}},"145":{"start":{"line":385,"column":4},"end":{"line":385,"column":99}},"146":{"start":{"line":388,"column":2},"end":{"line":392,"column":3}},"147":{"start":{"line":389,"column":4},"end":{"line":391,"column":6}},"148":{"start":{"line":395,"column":2},"end":{"line":397,"column":3}},"149":{"start":{"line":396,"column":4},"end":{"line":396,"column":78}},"150":{"start":{"line":399,"column":2},"end":{"line":401,"column":3}},"151":{"start":{"line":400,"column":4},"end":{"line":400,"column":77}},"152":{"start":{"line":403,"column":2},"end":{"line":405,"column":3}},"153":{"start":{"line":404,"column":4},"end":{"line":404,"column":92}},"154":{"start":{"line":407,"column":2},"end":{"line":407,"column":59}},"155":{"start":{"line":414,"column":29},"end":{"line":414,"column":90}},"156":{"start":{"line":415,"column":32},"end":{"line":415,"column":76}},"157":{"start":{"line":429,"column":27},"end":{"line":429,"column":29}},"158":{"start":{"line":431,"column":2},"end":{"line":431,"column":69}},"159":{"start":{"line":431,"column":20},"end":{"line":431,"column":69}},"160":{"start":{"line":432,"column":2},"end":{"line":432,"column":88}},"161":{"start":{"line":432,"column":35},"end":{"line":432,"column":88}},"162":{"start":{"line":433,"column":2},"end":{"line":433,"column":89}},"163":{"start":{"line":433,"column":34},"end":{"line":433,"column":89}},"164":{"start":{"line":434,"column":2},"end":{"line":434,"column":83}},"165":{"start":{"line":434,"column":31},"end":{"line":434,"column":83}},"166":{"start":{"line":435,"column":2},"end":{"line":435,"column":86}},"167":{"start":{"line":435,"column":34},"end":{"line":435,"column":86}},"168":{"start":{"line":437,"column":2},"end":{"line":441,"column":3}},"169":{"start":{"line":438,"column":4},"end":{"line":438,"column":45}},"170":{"start":{"line":439,"column":9},"end":{"line":441,"column":3}},"171":{"start":{"line":440,"column":4},"end":{"line":440,"column":58}},"172":{"start":{"line":443,"column":2},"end":{"line":447,"column":3}},"173":{"start":{"line":444,"column":4},"end":{"line":446,"column":6}},"174":{"start":{"line":449,"column":2},"end":{"line":453,"column":3}},"175":{"start":{"line":450,"column":4},"end":{"line":452,"column":6}},"176":{"start":{"line":455,"column":2},"end":{"line":457,"column":3}},"177":{"start":{"line":456,"column":4},"end":{"line":456,"column":64}},"178":{"start":{"line":459,"column":2},"end":{"line":459,"column":59}},"179":{"start":{"line":473,"column":20},"end":{"line":473,"column":57}},"180":{"start":{"line":473,"column":46},"end":{"line":473,"column":56}},"181":{"start":{"line":474,"column":2},"end":{"line":474,"column":65}}},"fnMap":{"0":{"name":"success","decl":{"start":{"line":23,"column":9},"end":{"line":23,"column":16}},"loc":{"start":{"line":23,"column":16},"end":{"line":25,"column":1}}},"1":{"name":"failure","decl":{"start":{"line":27,"column":9},"end":{"line":27,"column":16}},"loc":{"start":{"line":27,"column":33},"end":{"line":29,"column":1}}},"2":{"name":"validateCandidate","decl":{"start":{"line":59,"column":16},"end":{"line":59,"column":33}},"loc":{"start":{"line":59,"column":54},"end":{"line":105,"column":1}}},"3":{"name":"validateJobVacancy","decl":{"start":{"line":126,"column":16},"end":{"line":126,"column":34}},"loc":{"start":{"line":126,"column":54},"end":{"line":163,"column":1}}},"4":{"name":"validateTrainingProgram","decl":{"start":{"line":191,"column":16},"end":{"line":191,"column":39}},"loc":{"start":{"line":191,"column":64},"end":{"line":231,"column":1}}},"5":{"name":"validateEnrollment","decl":{"start":{"line":251,"column":16},"end":{"line":251,"column":34}},"loc":{"start":{"line":251,"column":57},"end":{"line":280,"column":1}}},"6":{"name":"validateSupportTicket","decl":{"start":{"line":302,"column":16},"end":{"line":302,"column":37}},"loc":{"start":{"line":302,"column":59},"end":{"line":341,"column":1}}},"7":{"name":"validateSalesOpportunity","decl":{"start":{"line":370,"column":16},"end":{"line":370,"column":40}},"loc":{"start":{"line":370,"column":70},"end":{"line":408,"column":1}}},"8":{"name":"validateEmployee","decl":{"start":{"line":428,"column":16},"end":{"line":428,"column":32}},"loc":{"start":{"line":428,"column":51},"end":{"line":460,"column":1}}},"9":{"name":"validateAll","decl":{"start":{"line":472,"column":16},"end":{"line":472,"column":27}},"loc":{"start":{"line":472,"column":66},"end":{"line":475,"column":1}}},"10":{"name":"(anonymous_10)","decl":{"start":{"line":473,"column":39},"end":{"line":473,"column":40}},"loc":{"start":{"line":473,"column":46},"end":{"line":473,"column":56}}}},"branchMap":{"0":{"loc":{"start":{"line":63,"column":2},"end":{"line":63,"column":71}},"type":"if","locations":[{"start":{"line":63,"column":2},"end":{"line":63,"column":71}},{"start":{},"end":{}}]},"1":{"loc":{"start":{"line":64,"column":2},"end":{"line":64,"column":90}},"type":"if","locations":[{"start":{"line":64,"column":2},"end":{"line":64,"column":90}},{"start":{},"end":{}}]},"2":{"loc":{"start":{"line":65,"column":2},"end":{"line":65,"column":91}},"type":"if","locations":[{"start":{"line":65,"column":2},"end":{"line":65,"column":91}},{"start":{},"end":{}}]},"3":{"loc":{"start":{"line":68,"column":2},"end":{"line":72,"column":3}},"type":"if","locations":[{"start":{"line":68,"column":2},"end":{"line":72,"column":3}},{"start":{"line":70,"column":9},"end":{"line":72,"column":3}}]},"4":{"loc":{"start":{"line":70,"column":9},"end":{"line":72,"column":3}},"type":"if","locations":[{"start":{"line":70,"column":9},"end":{"line":72,"column":3}},{"start":{},"end":{}}]},"5":{"loc":{"start":{"line":75,"column":2},"end":{"line":81,"column":3}},"type":"if","locations":[{"start":{"line":75,"column":2},"end":{"line":81,"column":3}},{"start":{"line":77,"column":9},"end":{"line":81,"column":3}}]},"6":{"loc":{"start":{"line":77,"column":9},"end":{"line":81,"column":3}},"type":"if","locations":[{"start":{"line":77,"column":9},"end":{"line":81,"column":3}},{"start":{"line":79,"column":9},"end":{"line":81,"column":3}}]},"7":{"loc":{"start":{"line":79,"column":9},"end":{"line":81,"column":3}},"type":"if","locations":[{"start":{"line":79,"column":9},"end":{"line":81,"column":3}},{"start":{},"end":{}}]},"8":{"loc":{"start":{"line":84,"column":2},"end":{"line":88,"column":3}},"type":"if","locations":[{"start":{"line":84,"column":2},"end":{"line":88,"column":3}},{"start":{"line":86,"column":9},"end":{"line":88,"column":3}}]},"9":{"loc":{"start":{"line":86,"column":9},"end":{"line":88,"column":3}},"type":"if","locations":[{"start":{"line":86,"column":9},"end":{"line":88,"column":3}},{"start":{},"end":{}}]},"10":{"loc":{"start":{"line":86,"column":13},"end":{"line":86,"column":57}},"type":"binary-expr","locations":[{"start":{"line":86,"column":13},"end":{"line":86,"column":32}},{"start":{"line":86,"column":36},"end":{"line":86,"column":57}}]},"11":{"loc":{"start":{"line":91,"column":2},"end":{"line":95,"column":3}},"type":"if","locations":[{"start":{"line":91,"column":2},"end":{"line":95,"column":3}},{"start":{},"end":{}}]},"12":{"loc":{"start":{"line":91,"column":6},"end":{"line":91,"column":93}},"type":"binary-expr","locations":[{"start":{"line":91,"column":6},"end":{"line":91,"column":28}},{"start":{"line":91,"column":32},"end":{"line":91,"column":93}}]},"13":{"loc":{"start":{"line":98,"column":2},"end":{"line":102,"column":3}},"type":"if","locations":[{"start":{"line":98,"column":2},"end":{"line":102,"column":3}},{"start":{},"end":{}}]},"14":{"loc":{"start":{"line":98,"column":6},"end":{"line":98,"column":85}},"type":"binary-expr","locations":[{"start":{"line":98,"column":6},"end":{"line":98,"column":22}},{"start":{"line":98,"column":26},"end":{"line":98,"column":85}}]},"15":{"loc":{"start":{"line":104,"column":9},"end":{"line":104,"column":58}},"type":"cond-expr","locations":[{"start":{"line":104,"column":31},"end":{"line":104,"column":40}},{"start":{"line":104,"column":43},"end":{"line":104,"column":58}}]},"16":{"loc":{"start":{"line":129,"column":2},"end":{"line":129,"column":69}},"type":"if","locations":[{"start":{"line":129,"column":2},"end":{"line":129,"column":69}},{"start":{},"end":{}}]},"17":{"loc":{"start":{"line":130,"column":2},"end":{"line":130,"column":84}},"type":"if","locations":[{"start":{"line":130,"column":2},"end":{"line":130,"column":84}},{"start":{},"end":{}}]},"18":{"loc":{"start":{"line":131,"column":2},"end":{"line":131,"column":75}},"type":"if","locations":[{"start":{"line":131,"column":2},"end":{"line":131,"column":75}},{"start":{},"end":{}}]},"19":{"loc":{"start":{"line":133,"column":2},"end":{"line":137,"column":3}},"type":"if","locations":[{"start":{"line":133,"column":2},"end":{"line":137,"column":3}},{"start":{"line":135,"column":9},"end":{"line":137,"column":3}}]},"20":{"loc":{"start":{"line":135,"column":9},"end":{"line":137,"column":3}},"type":"if","locations":[{"start":{"line":135,"column":9},"end":{"line":137,"column":3}},{"start":{},"end":{}}]},"21":{"loc":{"start":{"line":139,"column":2},"end":{"line":143,"column":3}},"type":"if","locations":[{"start":{"line":139,"column":2},"end":{"line":143,"column":3}},{"start":{"line":141,"column":9},"end":{"line":143,"column":3}}]},"22":{"loc":{"start":{"line":141,"column":9},"end":{"line":143,"column":3}},"type":"if","locations":[{"start":{"line":141,"column":9},"end":{"line":143,"column":3}},{"start":{},"end":{}}]},"23":{"loc":{"start":{"line":145,"column":2},"end":{"line":149,"column":3}},"type":"if","locations":[{"start":{"line":145,"column":2},"end":{"line":149,"column":3}},{"start":{},"end":{}}]},"24":{"loc":{"start":{"line":145,"column":6},"end":{"line":145,"column":68}},"type":"binary-expr","locations":[{"start":{"line":145,"column":6},"end":{"line":145,"column":35}},{"start":{"line":145,"column":39},"end":{"line":145,"column":68}}]},"25":{"loc":{"start":{"line":146,"column":4},"end":{"line":148,"column":5}},"type":"if","locations":[{"start":{"line":146,"column":4},"end":{"line":148,"column":5}},{"start":{},"end":{}}]},"26":{"loc":{"start":{"line":151,"column":2},"end":{"line":155,"column":3}},"type":"if","locations":[{"start":{"line":151,"column":2},"end":{"line":155,"column":3}},{"start":{},"end":{}}]},"27":{"loc":{"start":{"line":151,"column":6},"end":{"line":151,"column":79}},"type":"binary-expr","locations":[{"start":{"line":151,"column":6},"end":{"line":151,"column":20}},{"start":{"line":151,"column":24},"end":{"line":151,"column":79}}]},"28":{"loc":{"start":{"line":158,"column":2},"end":{"line":160,"column":3}},"type":"if","locations":[{"start":{"line":158,"column":2},"end":{"line":160,"column":3}},{"start":{},"end":{}}]},"29":{"loc":{"start":{"line":158,"column":6},"end":{"line":158,"column":83}},"type":"binary-expr","locations":[{"start":{"line":158,"column":6},"end":{"line":158,"column":22}},{"start":{"line":158,"column":26},"end":{"line":158,"column":43}},{"start":{"line":158,"column":47},"end":{"line":158,"column":83}}]},"30":{"loc":{"start":{"line":162,"column":9},"end":{"line":162,"column":58}},"type":"cond-expr","locations":[{"start":{"line":162,"column":31},"end":{"line":162,"column":40}},{"start":{"line":162,"column":43},"end":{"line":162,"column":58}}]},"31":{"loc":{"start":{"line":194,"column":2},"end":{"line":194,"column":68}},"type":"if","locations":[{"start":{"line":194,"column":2},"end":{"line":194,"column":68}},{"start":{},"end":{}}]},"32":{"loc":{"start":{"line":195,"column":2},"end":{"line":195,"column":83}},"type":"if","locations":[{"start":{"line":195,"column":2},"end":{"line":195,"column":83}},{"start":{},"end":{}}]},"33":{"loc":{"start":{"line":196,"column":2},"end":{"line":196,"column":68}},"type":"if","locations":[{"start":{"line":196,"column":2},"end":{"line":196,"column":68}},{"start":{},"end":{}}]},"34":{"loc":{"start":{"line":198,"column":2},"end":{"line":204,"column":3}},"type":"if","locations":[{"start":{"line":198,"column":2},"end":{"line":204,"column":3}},{"start":{"line":200,"column":9},"end":{"line":204,"column":3}}]},"35":{"loc":{"start":{"line":200,"column":9},"end":{"line":204,"column":3}},"type":"if","locations":[{"start":{"line":200,"column":9},"end":{"line":204,"column":3}},{"start":{"line":202,"column":9},"end":{"line":204,"column":3}}]},"36":{"loc":{"start":{"line":202,"column":9},"end":{"line":204,"column":3}},"type":"if","locations":[{"start":{"line":202,"column":9},"end":{"line":204,"column":3}},{"start":{},"end":{}}]},"37":{"loc":{"start":{"line":206,"column":2},"end":{"line":210,"column":3}},"type":"if","locations":[{"start":{"line":206,"column":2},"end":{"line":210,"column":3}},{"start":{"line":208,"column":9},"end":{"line":210,"column":3}}]},"38":{"loc":{"start":{"line":208,"column":9},"end":{"line":210,"column":3}},"type":"if","locations":[{"start":{"line":208,"column":9},"end":{"line":210,"column":3}},{"start":{},"end":{}}]},"39":{"loc":{"start":{"line":212,"column":2},"end":{"line":216,"column":3}},"type":"if","locations":[{"start":{"line":212,"column":2},"end":{"line":216,"column":3}},{"start":{"line":214,"column":9},"end":{"line":216,"column":3}}]},"40":{"loc":{"start":{"line":214,"column":9},"end":{"line":216,"column":3}},"type":"if","locations":[{"start":{"line":214,"column":9},"end":{"line":216,"column":3}},{"start":{},"end":{}}]},"41":{"loc":{"start":{"line":218,"column":2},"end":{"line":222,"column":3}},"type":"if","locations":[{"start":{"line":218,"column":2},"end":{"line":222,"column":3}},{"start":{},"end":{}}]},"42":{"loc":{"start":{"line":218,"column":6},"end":{"line":218,"column":77}},"type":"binary-expr","locations":[{"start":{"line":218,"column":6},"end":{"line":218,"column":22}},{"start":{"line":218,"column":26},"end":{"line":218,"column":77}}]},"43":{"loc":{"start":{"line":224,"column":2},"end":{"line":228,"column":3}},"type":"if","locations":[{"start":{"line":224,"column":2},"end":{"line":228,"column":3}},{"start":{},"end":{}}]},"44":{"loc":{"start":{"line":224,"column":6},"end":{"line":224,"column":86}},"type":"binary-expr","locations":[{"start":{"line":224,"column":6},"end":{"line":224,"column":22}},{"start":{"line":224,"column":26},"end":{"line":224,"column":86}}]},"45":{"loc":{"start":{"line":230,"column":9},"end":{"line":230,"column":58}},"type":"cond-expr","locations":[{"start":{"line":230,"column":31},"end":{"line":230,"column":40}},{"start":{"line":230,"column":43},"end":{"line":230,"column":58}}]},"46":{"loc":{"start":{"line":254,"column":2},"end":{"line":254,"column":76}},"type":"if","locations":[{"start":{"line":254,"column":2},"end":{"line":254,"column":76}},{"start":{},"end":{}}]},"47":{"loc":{"start":{"line":255,"column":2},"end":{"line":255,"column":71}},"type":"if","locations":[{"start":{"line":255,"column":2},"end":{"line":255,"column":71}},{"start":{},"end":{}}]},"48":{"loc":{"start":{"line":256,"column":2},"end":{"line":256,"column":100}},"type":"if","locations":[{"start":{"line":256,"column":2},"end":{"line":256,"column":100}},{"start":{},"end":{}}]},"49":{"loc":{"start":{"line":257,"column":2},"end":{"line":257,"column":100}},"type":"if","locations":[{"start":{"line":257,"column":2},"end":{"line":257,"column":100}},{"start":{},"end":{}}]},"50":{"loc":{"start":{"line":259,"column":2},"end":{"line":263,"column":3}},"type":"if","locations":[{"start":{"line":259,"column":2},"end":{"line":263,"column":3}},{"start":{"line":261,"column":9},"end":{"line":263,"column":3}}]},"51":{"loc":{"start":{"line":261,"column":9},"end":{"line":263,"column":3}},"type":"if","locations":[{"start":{"line":261,"column":9},"end":{"line":263,"column":3}},{"start":{},"end":{}}]},"52":{"loc":{"start":{"line":261,"column":13},"end":{"line":261,"column":79}},"type":"binary-expr","locations":[{"start":{"line":261,"column":13},"end":{"line":261,"column":43}},{"start":{"line":261,"column":47},"end":{"line":261,"column":79}}]},"53":{"loc":{"start":{"line":265,"column":2},"end":{"line":269,"column":3}},"type":"if","locations":[{"start":{"line":265,"column":2},"end":{"line":269,"column":3}},{"start":{},"end":{}}]},"54":{"loc":{"start":{"line":265,"column":6},"end":{"line":265,"column":88}},"type":"binary-expr","locations":[{"start":{"line":265,"column":6},"end":{"line":265,"column":23}},{"start":{"line":265,"column":27},"end":{"line":265,"column":88}}]},"55":{"loc":{"start":{"line":271,"column":2},"end":{"line":273,"column":3}},"type":"if","locations":[{"start":{"line":271,"column":2},"end":{"line":273,"column":3}},{"start":{},"end":{}}]},"56":{"loc":{"start":{"line":271,"column":6},"end":{"line":271,"column":69}},"type":"binary-expr","locations":[{"start":{"line":271,"column":6},"end":{"line":271,"column":40}},{"start":{"line":271,"column":44},"end":{"line":271,"column":69}}]},"57":{"loc":{"start":{"line":275,"column":2},"end":{"line":277,"column":3}},"type":"if","locations":[{"start":{"line":275,"column":2},"end":{"line":277,"column":3}},{"start":{},"end":{}}]},"58":{"loc":{"start":{"line":275,"column":6},"end":{"line":275,"column":69}},"type":"binary-expr","locations":[{"start":{"line":275,"column":6},"end":{"line":275,"column":29}},{"start":{"line":275,"column":33},"end":{"line":275,"column":69}}]},"59":{"loc":{"start":{"line":279,"column":9},"end":{"line":279,"column":58}},"type":"cond-expr","locations":[{"start":{"line":279,"column":31},"end":{"line":279,"column":40}},{"start":{"line":279,"column":43},"end":{"line":279,"column":58}}]},"60":{"loc":{"start":{"line":305,"column":2},"end":{"line":305,"column":65}},"type":"if","locations":[{"start":{"line":305,"column":2},"end":{"line":305,"column":65}},{"start":{},"end":{}}]},"61":{"loc":{"start":{"line":306,"column":2},"end":{"line":306,"column":65}},"type":"if","locations":[{"start":{"line":306,"column":2},"end":{"line":306,"column":65}},{"start":{},"end":{}}]},"62":{"loc":{"start":{"line":307,"column":2},"end":{"line":307,"column":82}},"type":"if","locations":[{"start":{"line":307,"column":2},"end":{"line":307,"column":82}},{"start":{},"end":{}}]},"63":{"loc":{"start":{"line":309,"column":2},"end":{"line":313,"column":3}},"type":"if","locations":[{"start":{"line":309,"column":2},"end":{"line":313,"column":3}},{"start":{},"end":{}}]},"64":{"loc":{"start":{"line":309,"column":6},"end":{"line":309,"column":75}},"type":"binary-expr","locations":[{"start":{"line":309,"column":6},"end":{"line":309,"column":21}},{"start":{"line":309,"column":25},"end":{"line":309,"column":75}}]},"65":{"loc":{"start":{"line":315,"column":2},"end":{"line":319,"column":3}},"type":"if","locations":[{"start":{"line":315,"column":2},"end":{"line":319,"column":3}},{"start":{},"end":{}}]},"66":{"loc":{"start":{"line":315,"column":6},"end":{"line":315,"column":76}},"type":"binary-expr","locations":[{"start":{"line":315,"column":6},"end":{"line":315,"column":19}},{"start":{"line":315,"column":23},"end":{"line":315,"column":76}}]},"67":{"loc":{"start":{"line":321,"column":2},"end":{"line":325,"column":3}},"type":"if","locations":[{"start":{"line":321,"column":2},"end":{"line":325,"column":3}},{"start":{},"end":{}}]},"68":{"loc":{"start":{"line":321,"column":6},"end":{"line":321,"column":71}},"type":"binary-expr","locations":[{"start":{"line":321,"column":6},"end":{"line":321,"column":20}},{"start":{"line":321,"column":24},"end":{"line":321,"column":71}}]},"69":{"loc":{"start":{"line":327,"column":2},"end":{"line":329,"column":3}},"type":"if","locations":[{"start":{"line":327,"column":2},"end":{"line":329,"column":3}},{"start":{},"end":{}}]},"70":{"loc":{"start":{"line":327,"column":6},"end":{"line":327,"column":90}},"type":"binary-expr","locations":[{"start":{"line":327,"column":6},"end":{"line":327,"column":24}},{"start":{"line":327,"column":28},"end":{"line":327,"column":46}},{"start":{"line":327,"column":50},"end":{"line":327,"column":90}}]},"71":{"loc":{"start":{"line":331,"column":2},"end":{"line":338,"column":3}},"type":"if","locations":[{"start":{"line":331,"column":2},"end":{"line":338,"column":3}},{"start":{},"end":{}}]},"72":{"loc":{"start":{"line":332,"column":4},"end":{"line":335,"column":44}},"type":"binary-expr","locations":[{"start":{"line":332,"column":5},"end":{"line":332,"column":33}},{"start":{"line":332,"column":37},"end":{"line":332,"column":64}},{"start":{"line":333,"column":4},"end":{"line":333,"column":23}},{"start":{"line":334,"column":4},"end":{"line":334,"column":22}},{"start":{"line":335,"column":4},"end":{"line":335,"column":44}}]},"73":{"loc":{"start":{"line":340,"column":9},"end":{"line":340,"column":58}},"type":"cond-expr","locations":[{"start":{"line":340,"column":31},"end":{"line":340,"column":40}},{"start":{"line":340,"column":43},"end":{"line":340,"column":58}}]},"74":{"loc":{"start":{"line":373,"column":2},"end":{"line":373,"column":77}},"type":"if","locations":[{"start":{"line":373,"column":2},"end":{"line":373,"column":77}},{"start":{},"end":{}}]},"75":{"loc":{"start":{"line":374,"column":2},"end":{"line":374,"column":70}},"type":"if","locations":[{"start":{"line":374,"column":2},"end":{"line":374,"column":70}},{"start":{},"end":{}}]},"76":{"loc":{"start":{"line":376,"column":2},"end":{"line":380,"column":3}},"type":"if","locations":[{"start":{"line":376,"column":2},"end":{"line":380,"column":3}},{"start":{"line":378,"column":9},"end":{"line":380,"column":3}}]},"77":{"loc":{"start":{"line":378,"column":9},"end":{"line":380,"column":3}},"type":"if","locations":[{"start":{"line":378,"column":9},"end":{"line":380,"column":3}},{"start":{},"end":{}}]},"78":{"loc":{"start":{"line":382,"column":2},"end":{"line":386,"column":3}},"type":"if","locations":[{"start":{"line":382,"column":2},"end":{"line":386,"column":3}},{"start":{"line":384,"column":9},"end":{"line":386,"column":3}}]},"79":{"loc":{"start":{"line":384,"column":9},"end":{"line":386,"column":3}},"type":"if","locations":[{"start":{"line":384,"column":9},"end":{"line":386,"column":3}},{"start":{},"end":{}}]},"80":{"loc":{"start":{"line":384,"column":13},"end":{"line":384,"column":73}},"type":"binary-expr","locations":[{"start":{"line":384,"column":13},"end":{"line":384,"column":40}},{"start":{"line":384,"column":44},"end":{"line":384,"column":73}}]},"81":{"loc":{"start":{"line":388,"column":2},"end":{"line":392,"column":3}},"type":"if","locations":[{"start":{"line":388,"column":2},"end":{"line":392,"column":3}},{"start":{},"end":{}}]},"82":{"loc":{"start":{"line":388,"column":6},"end":{"line":388,"column":80}},"type":"binary-expr","locations":[{"start":{"line":388,"column":6},"end":{"line":388,"column":23}},{"start":{"line":388,"column":27},"end":{"line":388,"column":80}}]},"83":{"loc":{"start":{"line":395,"column":2},"end":{"line":397,"column":3}},"type":"if","locations":[{"start":{"line":395,"column":2},"end":{"line":397,"column":3}},{"start":{},"end":{}}]},"84":{"loc":{"start":{"line":395,"column":6},"end":{"line":395,"column":79}},"type":"binary-expr","locations":[{"start":{"line":395,"column":6},"end":{"line":395,"column":44}},{"start":{"line":395,"column":48},"end":{"line":395,"column":79}}]},"85":{"loc":{"start":{"line":399,"column":2},"end":{"line":401,"column":3}},"type":"if","locations":[{"start":{"line":399,"column":2},"end":{"line":401,"column":3}},{"start":{},"end":{}}]},"86":{"loc":{"start":{"line":399,"column":6},"end":{"line":399,"column":78}},"type":"binary-expr","locations":[{"start":{"line":399,"column":6},"end":{"line":399,"column":45}},{"start":{"line":399,"column":49},"end":{"line":399,"column":78}}]},"87":{"loc":{"start":{"line":403,"column":2},"end":{"line":405,"column":3}},"type":"if","locations":[{"start":{"line":403,"column":2},"end":{"line":405,"column":3}},{"start":{},"end":{}}]},"88":{"loc":{"start":{"line":403,"column":6},"end":{"line":403,"column":117}},"type":"binary-expr","locations":[{"start":{"line":403,"column":6},"end":{"line":403,"column":35}},{"start":{"line":403,"column":39},"end":{"line":403,"column":60}},{"start":{"line":403,"column":64},"end":{"line":403,"column":117}}]},"89":{"loc":{"start":{"line":407,"column":9},"end":{"line":407,"column":58}},"type":"cond-expr","locations":[{"start":{"line":407,"column":31},"end":{"line":407,"column":40}},{"start":{"line":407,"column":43},"end":{"line":407,"column":58}}]},"90":{"loc":{"start":{"line":431,"column":2},"end":{"line":431,"column":69}},"type":"if","locations":[{"start":{"line":431,"column":2},"end":{"line":431,"column":69}},{"start":{},"end":{}}]},"91":{"loc":{"start":{"line":432,"column":2},"end":{"line":432,"column":88}},"type":"if","locations":[{"start":{"line":432,"column":2},"end":{"line":432,"column":88}},{"start":{},"end":{}}]},"92":{"loc":{"start":{"line":433,"column":2},"end":{"line":433,"column":89}},"type":"if","locations":[{"start":{"line":433,"column":2},"end":{"line":433,"column":89}},{"start":{},"end":{}}]},"93":{"loc":{"start":{"line":434,"column":2},"end":{"line":434,"column":83}},"type":"if","locations":[{"start":{"line":434,"column":2},"end":{"line":434,"column":83}},{"start":{},"end":{}}]},"94":{"loc":{"start":{"line":435,"column":2},"end":{"line":435,"column":86}},"type":"if","locations":[{"start":{"line":435,"column":2},"end":{"line":435,"column":86}},{"start":{},"end":{}}]},"95":{"loc":{"start":{"line":437,"column":2},"end":{"line":441,"column":3}},"type":"if","locations":[{"start":{"line":437,"column":2},"end":{"line":441,"column":3}},{"start":{"line":439,"column":9},"end":{"line":441,"column":3}}]},"96":{"loc":{"start":{"line":439,"column":9},"end":{"line":441,"column":3}},"type":"if","locations":[{"start":{"line":439,"column":9},"end":{"line":441,"column":3}},{"start":{},"end":{}}]},"97":{"loc":{"start":{"line":443,"column":2},"end":{"line":447,"column":3}},"type":"if","locations":[{"start":{"line":443,"column":2},"end":{"line":447,"column":3}},{"start":{},"end":{}}]},"98":{"loc":{"start":{"line":443,"column":6},"end":{"line":443,"column":91}},"type":"binary-expr","locations":[{"start":{"line":443,"column":6},"end":{"line":443,"column":27}},{"start":{"line":443,"column":31},"end":{"line":443,"column":91}}]},"99":{"loc":{"start":{"line":449,"column":2},"end":{"line":453,"column":3}},"type":"if","locations":[{"start":{"line":449,"column":2},"end":{"line":453,"column":3}},{"start":{},"end":{}}]},"100":{"loc":{"start":{"line":449,"column":6},"end":{"line":449,"column":82}},"type":"binary-expr","locations":[{"start":{"line":449,"column":6},"end":{"line":449,"column":21}},{"start":{"line":449,"column":25},"end":{"line":449,"column":82}}]},"101":{"loc":{"start":{"line":455,"column":2},"end":{"line":457,"column":3}},"type":"if","locations":[{"start":{"line":455,"column":2},"end":{"line":457,"column":3}},{"start":{},"end":{}}]},"102":{"loc":{"start":{"line":455,"column":6},"end":{"line":455,"column":57}},"type":"binary-expr","locations":[{"start":{"line":455,"column":6},"end":{"line":455,"column":23}},{"start":{"line":455,"column":27},"end":{"line":455,"column":57}}]},"103":{"loc":{"start":{"line":459,"column":9},"end":{"line":459,"column":58}},"type":"cond-expr","locations":[{"start":{"line":459,"column":31},"end":{"line":459,"column":40}},{"start":{"line":459,"column":43},"end":{"line":459,"column":58}}]},"104":{"loc":{"start":{"line":474,"column":9},"end":{"line":474,"column":64}},"type":"cond-expr","locations":[{"start":{"line":474,"column":34},"end":{"line":474,"column":43}},{"start":{"line":474,"column":46},"end":{"line":474,"column":64}}]}},"s":{"0":1,"1":1,"2":1,"3":1,"4":1,"5":1,"6":1,"7":1,"8":27,"9":79,"10":1,"11":1,"12":20,"13":20,"14":2,"15":20,"16":1,"17":20,"18":1,"19":20,"20":1,"21":19,"22":1,"23":20,"24":1,"25":19,"26":1,"27":18,"28":1,"29":20,"30":1,"31":19,"32":2,"33":20,"34":1,"35":20,"36":1,"37":20,"38":1,"39":14,"40":14,"41":1,"42":14,"43":1,"44":14,"45":1,"46":14,"47":1,"48":13,"49":2,"50":14,"51":1,"52":13,"53":1,"54":14,"55":2,"56":1,"57":14,"58":1,"59":14,"60":1,"61":14,"62":1,"63":1,"64":15,"65":15,"66":1,"67":15,"68":1,"69":15,"70":0,"71":15,"72":1,"73":14,"74":2,"75":12,"76":1,"77":15,"78":1,"79":14,"80":1,"81":15,"82":1,"83":14,"84":1,"85":15,"86":1,"87":15,"88":1,"89":15,"90":1,"91":13,"92":13,"93":1,"94":13,"95":1,"96":13,"97":1,"98":13,"99":0,"100":13,"101":1,"102":12,"103":2,"104":13,"105":1,"106":13,"107":1,"108":13,"109":1,"110":13,"111":1,"112":1,"113":1,"114":10,"115":10,"116":1,"117":10,"118":1,"119":10,"120":1,"121":10,"122":1,"123":10,"124":1,"125":10,"126":1,"127":10,"128":1,"129":10,"130":1,"131":10,"132":1,"133":17,"134":17,"135":1,"136":17,"137":1,"138":17,"139":1,"140":16,"141":2,"142":17,"143":1,"144":16,"145":2,"146":17,"147":1,"148":17,"149":1,"150":17,"151":1,"152":17,"153":1,"154":17,"155":1,"156":1,"157":14,"158":14,"159":1,"160":14,"161":1,"162":14,"163":1,"164":14,"165":1,"166":14,"167":1,"168":14,"169":1,"170":13,"171":3,"172":14,"173":1,"174":14,"175":1,"176":14,"177":1,"178":14,"179":3,"180":4,"181":3},"f":{"0":27,"1":79,"2":20,"3":14,"4":15,"5":13,"6":10,"7":17,"8":14,"9":3,"10":4},"b":{"0":[2,18],"1":[1,19],"2":[1,19],"3":[1,19],"4":[1,18],"5":[1,19],"6":[1,18],"7":[1,17],"8":[1,19],"9":[2,17],"10":[19,18],"11":[1,19],"12":[20,20],"13":[1,19],"14":[20,20],"15":[6,14],"16":[1,13],"17":[1,13],"18":[1,13],"19":[1,13],"20":[2,11],"21":[1,13],"22":[1,12],"23":[2,12],"24":[14,2],"25":[1,1],"26":[1,13],"27":[14,14],"28":[1,13],"29":[14,1,1],"30":[3,11],"31":[1,14],"32":[1,14],"33":[0,15],"34":[1,14],"35":[2,12],"36":[1,11],"37":[1,14],"38":[1,13],"39":[1,14],"40":[1,13],"41":[1,14],"42":[15,15],"43":[1,14],"44":[15,15],"45":[3,12],"46":[1,12],"47":[1,12],"48":[1,12],"49":[0,13],"50":[1,12],"51":[2,10],"52":[12,11],"53":[1,12],"54":[13,13],"55":[1,12],"56":[13,2],"57":[1,12],"58":[13,13],"59":[4,9],"60":[1,9],"61":[1,9],"62":[1,9],"63":[1,9],"64":[10,10],"65":[1,9],"66":[10,10],"67":[1,9],"68":[10,10],"69":[1,9],"70":[10,10,10],"71":[1,9],"72":[10,9,1,1,1],"73":[2,8],"74":[1,16],"75":[1,16],"76":[1,16],"77":[2,14],"78":[1,16],"79":[2,14],"80":[16,15],"81":[1,16],"82":[17,17],"83":[1,16],"84":[17,2],"85":[1,16],"86":[17,2],"87":[1,16],"88":[17,1,1],"89":[5,12],"90":[1,13],"91":[1,13],"92":[1,13],"93":[1,13],"94":[1,13],"95":[1,13],"96":[3,10],"97":[1,13],"98":[14,14],"99":[1,13],"100":[14,14],"101":[1,13],"102":[14,14],"103":[2,12],"104":[2,1]}}
}
