TN:
SF:src/utils/collections.ts
FN:20,filterItems
FN:36,filterByRange
FN:42,(anonymous_2)
FN:56,filterBySet
FN:62,(anonymous_4)
FN:79,sortBy
FN:84,(anonymous_6)
FN:101,sortByMultiple
FN:108,(anonymous_8)
FN:131,groupBy
FN:136,(anonymous_10)
FN:155,countBy
FN:160,(anonymous_12)
FN:186,paginate
FN:217,uniqueBy
FN:219,(anonymous_15)
FN:234,take
FN:245,chunk
FNF:18
FNH:18
FNDA:5,filterItems
FNDA:4,filterByRange
FNDA:15,(anonymous_2)
FNDA:3,filterBySet
FNDA:15,(anonymous_4)
FNDA:8,sortBy
FNDA:44,(anonymous_6)
FNDA:4,sortByMultiple
FNDA:17,(anonymous_8)
FNDA:4,groupBy
FNDA:10,(anonymous_10)
FNDA:2,countBy
FNDA:3,(anonymous_12)
FNDA:7,paginate
FNDA:3,uniqueBy
FNDA:8,(anonymous_15)
FNDA:5,take
FNDA:6,chunk
DA:20,1
DA:24,5
DA:36,1
DA:42,4
DA:43,15
DA:44,15
DA:56,1
DA:61,3
DA:62,15
DA:79,1
DA:84,8
DA:85,44
DA:86,44
DA:88,44
DA:89,27
DA:90,1
DA:101,1
DA:108,4
DA:109,17
DA:110,15
DA:111,15
DA:113,15
DA:114,11
DA:116,4
DA:131,1
DA:135,4
DA:137,10
DA:138,10
DA:139,6
DA:141,10
DA:142,10
DA:155,1
DA:159,2
DA:160,3
DA:186,1
DA:191,7
DA:192,7
DA:193,7
DA:194,7
DA:195,7
DA:197,7
DA:217,1
DA:218,3
DA:219,3
DA:220,8
DA:221,8
DA:222,7
DA:223,7
DA:234,1
DA:235,5
DA:245,1
DA:246,6
DA:247,4
DA:248,4
DA:249,9
DA:251,4
LF:56
LH:56
BRDA:44,0,0,15
BRDA:44,0,1,8
BRDA:82,1,0,4
BRDA:88,2,0,17
BRDA:88,2,1,27
BRDA:88,3,0,13
BRDA:88,3,1,4
BRDA:89,4,0,26
BRDA:89,4,1,1
BRDA:89,5,0,14
BRDA:89,5,1,12
BRDA:113,6,0,4
BRDA:113,6,1,11
BRDA:113,7,0,1
BRDA:113,7,1,3
BRDA:114,8,0,9
BRDA:114,8,1,2
BRDA:114,9,0,3
BRDA:114,9,1,6
BRDA:138,10,0,6
BRDA:138,10,1,4
BRDA:221,11,0,1
BRDA:221,11,1,7
BRDA:246,12,0,2
BRDA:246,12,1,4
BRF:25
BRH:25
end_of_record
TN:
SF:src/utils/search.ts
FN:26,linearSearch
FN:45,linearSearchAll
FN:65,binarySearch
FN:105,binarySearchWithInsertionIndex
FN:146,isSorted
FN:172,smartSearch
FN:180,(anonymous_6)
FNF:7
FNH:7
FNDA:11,linearSearch
FNDA:4,linearSearchAll
FNDA:13,binarySearch
FNDA:8,binarySearchWithInsertionIndex
FNDA:11,isSorted
FNDA:7,smartSearch
FNDA:18,(anonymous_6)
DA:26,1
DA:30,11
DA:31,34
DA:32,6
DA:35,5
DA:45,1
DA:49,4
DA:65,1
DA:70,13
DA:71,1
DA:74,12
DA:75,12
DA:77,12
DA:78,37
DA:79,37
DA:81,37
DA:82,7
DA:85,30
DA:86,14
DA:88,16
DA:92,5
DA:105,1
DA:110,8
DA:111,1
DA:114,7
DA:115,7
DA:117,7
DA:118,12
DA:119,12
DA:121,12
DA:122,2
DA:125,10
DA:126,6
DA:128,4
DA:132,5
DA:146,1
DA:150,11
DA:151,244
DA:152,3
DA:155,8
DA:172,1
DA:177,7
DA:178,3
DA:180,18
LF:44
LH:44
BRDA:31,0,0,6
BRDA:31,0,1,28
BRDA:70,1,0,1
BRDA:70,1,1,12
BRDA:81,2,0,7
BRDA:81,2,1,30
BRDA:85,3,0,14
BRDA:85,3,1,16
BRDA:110,4,0,1
BRDA:110,4,1,7
BRDA:121,5,0,2
BRDA:121,5,1,10
BRDA:125,6,0,6
BRDA:125,6,1,4
BRDA:151,7,0,3
BRDA:151,7,1,241
BRDA:177,8,0,3
BRDA:177,8,1,4
BRDA:177,9,0,7
BRDA:177,9,1,3
BRF:20
BRH:20
end_of_record
TN:
SF:src/utils/transformations.ts
FN:22,numericSummary
FN:31,(anonymous_1)
FN:55,sumBy
FN:56,(anonymous_3)
FN:70,averageBy
FN:89,maxBy
FN:95,(anonymous_6)
FN:107,minBy
FN:113,(anonymous_8)
FN:129,countByCategory
FN:141,(anonymous_10)
FN:142,(anonymous_11)
FN:156,categoryDistribution
FN:163,(anonymous_13)
FNF:14
FNH:14
FNDA:5,numericSummary
FNDA:10,(anonymous_1)
FNDA:9,sumBy
FNDA:23,(anonymous_3)
FNDA:6,averageBy
FNDA:6,maxBy
FNDA:9,(anonymous_6)
FNDA:6,minBy
FNDA:9,(anonymous_8)
FNDA:8,countByCategory
FNDA:16,(anonymous_10)
FNDA:9,(anonymous_11)
FNDA:4,categoryDistribution
FNDA:6,(anonymous_13)
DA:22,1
DA:26,5
DA:27,1
DA:30,4
DA:31,10
DA:32,4
DA:33,4
DA:35,4
DA:55,1
DA:56,23
DA:70,1
DA:74,6
DA:75,4
DA:89,1
DA:93,6
DA:95,5
DA:96,9
DA:107,1
DA:111,6
DA:113,5
DA:114,9
DA:129,1
DA:133,8
DA:135,8
DA:136,25
DA:137,25
DA:140,8
DA:141,16
DA:142,9
DA:156,1
DA:160,4
DA:162,3
DA:163,6
LF:33
LH:33
BRDA:26,0,0,1
BRDA:26,0,1,4
BRDA:74,1,0,2
BRDA:74,1,1,4
BRDA:93,2,0,1
BRDA:93,2,1,5
BRDA:96,3,0,5
BRDA:96,3,1,4
BRDA:111,4,0,1
BRDA:111,4,1,5
BRDA:114,5,0,2
BRDA:114,5,1,7
BRDA:137,6,0,25
BRDA:137,6,1,16
BRDA:160,7,0,1
BRDA:160,7,1,3
BRF:16
BRH:16
end_of_record
TN:
SF:src/utils/validations.ts
FN:23,success
FN:27,failure
FN:59,validateCandidate
FN:126,validateJobVacancy
FN:191,validateTrainingProgram
FN:251,validateEnrollment
FN:302,validateSupportTicket
FN:370,validateSalesOpportunity
FN:428,validateEmployee
FN:472,validateAll
FN:473,(anonymous_10)
FNF:11
FNH:11
FNDA:27,success
FNDA:79,failure
FNDA:20,validateCandidate
FNDA:14,validateJobVacancy
FNDA:15,validateTrainingProgram
FNDA:13,validateEnrollment
FNDA:10,validateSupportTicket
FNDA:17,validateSalesOpportunity
FNDA:14,validateEmployee
FNDA:3,validateAll
FNDA:4,(anonymous_10)
DA:24,27
DA:28,79
DA:35,1
DA:36,1
DA:59,1
DA:60,20
DA:63,20
DA:64,20
DA:65,20
DA:68,20
DA:69,1
DA:70,19
DA:71,1
DA:75,20
DA:76,1
DA:77,19
DA:78,1
DA:79,18
DA:80,1
DA:84,20
DA:85,1
DA:86,19
DA:87,2
DA:91,20
DA:92,1
DA:98,20
DA:99,1
DA:104,20
DA:111,1
DA:126,1
DA:127,14
DA:129,14
DA:130,14
DA:131,14
DA:133,14
DA:134,1
DA:135,13
DA:136,2
DA:139,14
DA:140,1
DA:141,13
DA:142,1
DA:145,14
DA:146,2
DA:147,1
DA:151,14
DA:152,1
DA:158,14
DA:159,1
DA:162,14
DA:169,1
DA:177,1
DA:191,1
DA:192,15
DA:194,15
DA:195,15
DA:196,15
DA:198,15
DA:199,1
DA:200,14
DA:201,2
DA:202,12
DA:203,1
DA:206,15
DA:207,1
DA:208,14
DA:209,1
DA:212,15
DA:213,1
DA:214,14
DA:215,1
DA:218,15
DA:219,1
DA:224,15
DA:225,1
DA:230,15
DA:237,1
DA:251,1
DA:252,13
DA:254,13
DA:255,13
DA:256,13
DA:257,13
DA:259,13
DA:260,1
DA:261,12
DA:262,2
DA:265,13
DA:266,1
DA:271,13
DA:272,1
DA:275,13
DA:276,1
DA:279,13
DA:286,1
DA:287,1
DA:288,1
DA:302,1
DA:303,10
DA:305,10
DA:306,10
DA:307,10
DA:309,10
DA:310,1
DA:315,10
DA:316,1
DA:321,10
DA:322,1
DA:327,10
DA:328,1
DA:331,10
DA:337,1
DA:340,10
DA:347,1
DA:370,1
DA:371,17
DA:373,17
DA:374,17
DA:376,17
DA:377,1
DA:378,16
DA:379,2
DA:382,17
DA:383,1
DA:384,16
DA:385,2
DA:388,17
DA:389,1
DA:395,17
DA:396,1
DA:399,17
DA:400,1
DA:403,17
DA:404,1
DA:407,17
DA:414,1
DA:415,1
DA:428,1
DA:429,14
DA:431,14
DA:432,14
DA:433,14
DA:434,14
DA:435,14
DA:437,14
DA:438,1
DA:439,13
DA:440,3
DA:443,14
DA:444,1
DA:449,14
DA:450,1
DA:455,14
DA:456,1
DA:459,14
DA:472,1
DA:473,4
DA:474,3
LF:158
LH:158
BRDA:63,0,0,2
BRDA:63,0,1,18
BRDA:64,1,0,1
BRDA:64,1,1,19
BRDA:65,2,0,1
BRDA:65,2,1,19
BRDA:68,3,0,1
BRDA:68,3,1,19
BRDA:70,4,0,1
BRDA:70,4,1,18
BRDA:75,5,0,1
BRDA:75,5,1,19
BRDA:77,6,0,1
BRDA:77,6,1,18
BRDA:79,7,0,1
BRDA:79,7,1,17
BRDA:84,8,0,1
BRDA:84,8,1,19
BRDA:86,9,0,2
BRDA:86,9,1,17
BRDA:86,10,0,19
BRDA:86,10,1,18
BRDA:91,11,0,1
BRDA:91,11,1,19
BRDA:91,12,0,20
BRDA:91,12,1,20
BRDA:98,13,0,1
BRDA:98,13,1,19
BRDA:98,14,0,20
BRDA:98,14,1,20
BRDA:104,15,0,6
BRDA:104,15,1,14
BRDA:129,16,0,1
BRDA:129,16,1,13
BRDA:130,17,0,1
BRDA:130,17,1,13
BRDA:131,18,0,1
BRDA:131,18,1,13
BRDA:133,19,0,1
BRDA:133,19,1,13
BRDA:135,20,0,2
BRDA:135,20,1,11
BRDA:139,21,0,1
BRDA:139,21,1,13
BRDA:141,22,0,1
BRDA:141,22,1,12
BRDA:145,23,0,2
BRDA:145,23,1,12
BRDA:145,24,0,14
BRDA:145,24,1,2
BRDA:146,25,0,1
BRDA:146,25,1,1
BRDA:151,26,0,1
BRDA:151,26,1,13
BRDA:151,27,0,14
BRDA:151,27,1,14
BRDA:158,28,0,1
BRDA:158,28,1,13
BRDA:158,29,0,14
BRDA:158,29,1,1
BRDA:158,29,2,1
BRDA:162,30,0,3
BRDA:162,30,1,11
BRDA:194,31,0,1
BRDA:194,31,1,14
BRDA:195,32,0,1
BRDA:195,32,1,14
BRDA:196,33,0,0
BRDA:196,33,1,15
BRDA:198,34,0,1
BRDA:198,34,1,14
BRDA:200,35,0,2
BRDA:200,35,1,12
BRDA:202,36,0,1
BRDA:202,36,1,11
BRDA:206,37,0,1
BRDA:206,37,1,14
BRDA:208,38,0,1
BRDA:208,38,1,13
BRDA:212,39,0,1
BRDA:212,39,1,14
BRDA:214,40,0,1
BRDA:214,40,1,13
BRDA:218,41,0,1
BRDA:218,41,1,14
BRDA:218,42,0,15
BRDA:218,42,1,15
BRDA:224,43,0,1
BRDA:224,43,1,14
BRDA:224,44,0,15
BRDA:224,44,1,15
BRDA:230,45,0,3
BRDA:230,45,1,12
BRDA:254,46,0,1
BRDA:254,46,1,12
BRDA:255,47,0,1
BRDA:255,47,1,12
BRDA:256,48,0,1
BRDA:256,48,1,12
BRDA:257,49,0,0
BRDA:257,49,1,13
BRDA:259,50,0,1
BRDA:259,50,1,12
BRDA:261,51,0,2
BRDA:261,51,1,10
BRDA:261,52,0,12
BRDA:261,52,1,11
BRDA:265,53,0,1
BRDA:265,53,1,12
BRDA:265,54,0,13
BRDA:265,54,1,13
BRDA:271,55,0,1
BRDA:271,55,1,12
BRDA:271,56,0,13
BRDA:271,56,1,2
BRDA:275,57,0,1
BRDA:275,57,1,12
BRDA:275,58,0,13
BRDA:275,58,1,13
BRDA:279,59,0,4
BRDA:279,59,1,9
BRDA:305,60,0,1
BRDA:305,60,1,9
BRDA:306,61,0,1
BRDA:306,61,1,9
BRDA:307,62,0,1
BRDA:307,62,1,9
BRDA:309,63,0,1
BRDA:309,63,1,9
BRDA:309,64,0,10
BRDA:309,64,1,10
BRDA:315,65,0,1
BRDA:315,65,1,9
BRDA:315,66,0,10
BRDA:315,66,1,10
BRDA:321,67,0,1
BRDA:321,67,1,9
BRDA:321,68,0,10
BRDA:321,68,1,10
BRDA:327,69,0,1
BRDA:327,69,1,9
BRDA:327,70,0,10
BRDA:327,70,1,10
BRDA:327,70,2,10
BRDA:331,71,0,1
BRDA:331,71,1,9
BRDA:332,72,0,10
BRDA:332,72,1,9
BRDA:332,72,2,1
BRDA:332,72,3,1
BRDA:332,72,4,1
BRDA:340,73,0,2
BRDA:340,73,1,8
BRDA:373,74,0,1
BRDA:373,74,1,16
BRDA:374,75,0,1
BRDA:374,75,1,16
BRDA:376,76,0,1
BRDA:376,76,1,16
BRDA:378,77,0,2
BRDA:378,77,1,14
BRDA:382,78,0,1
BRDA:382,78,1,16
BRDA:384,79,0,2
BRDA:384,79,1,14
BRDA:384,80,0,16
BRDA:384,80,1,15
BRDA:388,81,0,1
BRDA:388,81,1,16
BRDA:388,82,0,17
BRDA:388,82,1,17
BRDA:395,83,0,1
BRDA:395,83,1,16
BRDA:395,84,0,17
BRDA:395,84,1,2
BRDA:399,85,0,1
BRDA:399,85,1,16
BRDA:399,86,0,17
BRDA:399,86,1,2
BRDA:403,87,0,1
BRDA:403,87,1,16
BRDA:403,88,0,17
BRDA:403,88,1,1
BRDA:403,88,2,1
BRDA:407,89,0,5
BRDA:407,89,1,12
BRDA:431,90,0,1
BRDA:431,90,1,13
BRDA:432,91,0,1
BRDA:432,91,1,13
BRDA:433,92,0,1
BRDA:433,92,1,13
BRDA:434,93,0,1
BRDA:434,93,1,13
BRDA:435,94,0,1
BRDA:435,94,1,13
BRDA:437,95,0,1
BRDA:437,95,1,13
BRDA:439,96,0,3
BRDA:439,96,1,10
BRDA:443,97,0,1
BRDA:443,97,1,13
BRDA:443,98,0,14
BRDA:443,98,1,14
BRDA:449,99,0,1
BRDA:449,99,1,13
BRDA:449,100,0,14
BRDA:449,100,1,14
BRDA:455,101,0,1
BRDA:455,101,1,13
BRDA:455,102,0,14
BRDA:455,102,1,14
BRDA:459,103,0,2
BRDA:459,103,1,12
BRDA:474,104,0,2
BRDA:474,104,1,1
BRF:216
BRH:214
end_of_record
